Base path: 'C:/Program Files/Unity/Hub/Editor/2019.4.18f1/Editor/Data', plugins path 'C:/Program Files/Unity/Hub/Editor/2019.4.18f1/Editor/Data/PlaybackEngines'
Cmd: initializeCompiler
Cmd: preprocess
  insize=771 outsize=196 ok=1
Cmd: preprocess
  insize=771 outsize=196 ok=1
Cmd: preprocess
  insize=771 outsize=196 ok=1
Cmd: preprocess
  insize=771 outsize=196 ok=1
Cmd: preprocess
  insize=771 outsize=196 ok=1
Cmd: preprocess
  insize=771 outsize=196 ok=1
Cmd: preprocess
  insize=771 outsize=196 ok=1
Cmd: preprocess
  insize=771 outsize=196 ok=1
Cmd: preprocess
  insize=771 outsize=196 ok=1
Cmd: preprocess
  insize=771 outsize=196 ok=1
Cmd: preprocess
  insize=771 outsize=196 ok=1
Cmd: preprocess
  insize=771 outsize=196 ok=1
Cmd: preprocess
  insize=771 outsize=196 ok=1
Cmd: preprocess
  insize=771 outsize=196 ok=1
Cmd: preprocess
  insize=771 outsize=196 ok=1
Cmd: preprocess
  insize=771 outsize=196 ok=1
Cmd: preprocess
  insize=771 outsize=196 ok=1
Cmd: preprocess
  insize=771 outsize=196 ok=1
Cmd: preprocess
  insize=771 outsize=196 ok=1
Cmd: preprocess
  insize=771 outsize=196 ok=1
Cmd: preprocess
  insize=771 outsize=196 ok=1
Cmd: preprocess
  insize=771 outsize=196 ok=1
Cmd: preprocess
  insize=771 outsize=196 ok=1
Cmd: preprocess
  insize=771 outsize=196 ok=1
Cmd: preprocess
  insize=771 outsize=196 ok=1
Cmd: preprocess
  insize=771 outsize=196 ok=1
Cmd: preprocess
  insize=771 outsize=196 ok=1
Cmd: preprocess
  insize=771 outsize=196 ok=1
Cmd: preprocess
  insize=771 outsize=196 ok=1
Cmd: preprocess
  insize=771 outsize=196 ok=1
Cmd: preprocess
  insize=771 outsize=196 ok=1
Cmd: preprocess
  insize=771 outsize=196 ok=1
Cmd: preprocess
  insize=771 outsize=196 ok=1
Cmd: preprocess
  insize=771 outsize=196 ok=1
Cmd: preprocess
  insize=771 outsize=196 ok=1
Cmd: preprocess
  insize=771 outsize=196 ok=1
Cmd: preprocess
  insize=771 outsize=196 ok=1
Cmd: preprocess
  insize=771 outsize=196 ok=1
Cmd: preprocess
  insize=771 outsize=196 ok=1
Cmd: preprocess
  insize=771 outsize=196 ok=1
Cmd: preprocess
  insize=771 outsize=196 ok=1
Cmd: preprocess
  insize=771 outsize=196 ok=1
Cmd: preprocess
  insize=771 outsize=196 ok=1
Cmd: preprocess
  insize=771 outsize=196 ok=1
Cmd: preprocess
  insize=771 outsize=196 ok=1
Cmd: preprocess
  insize=771 outsize=196 ok=1
Cmd: preprocess
  insize=771 outsize=196 ok=1
Cmd: preprocess
  insize=771 outsize=196 ok=1
Cmd: preprocess
  insize=771 outsize=196 ok=1
Cmd: preprocess
  insize=771 outsize=196 ok=1
Cmd: preprocess
  insize=771 outsize=196 ok=1
Cmd: preprocess
  insize=771 outsize=196 ok=1
Cmd: preprocess
  insize=771 outsize=196 ok=1
Cmd: preprocess
  insize=771 outsize=196 ok=1
Cmd: preprocess
  insize=771 outsize=196 ok=1
Cmd: preprocess
  insize=771 outsize=196 ok=1
Cmd: preprocess
  insize=771 outsize=196 ok=1
Cmd: preprocess
  insize=771 outsize=196 ok=1
Cmd: preprocess
  insize=771 outsize=196 ok=1
Cmd: preprocess
  insize=771 outsize=196 ok=1
Cmd: preprocess
  insize=771 outsize=196 ok=1
Cmd: preprocess
  insize=771 outsize=196 ok=1
Cmd: preprocess
  insize=771 outsize=196 ok=1
Cmd: preprocess
  insize=771 outsize=196 ok=1
Cmd: preprocess
  insize=771 outsize=196 ok=1
Cmd: preprocess
  insize=771 outsize=196 ok=1
Cmd: preprocess
  insize=771 outsize=196 ok=1
Cmd: preprocess
  insize=771 outsize=196 ok=1
Cmd: preprocess
  insize=771 outsize=196 ok=1
Cmd: preprocess
  insize=771 outsize=196 ok=1
Cmd: preprocess
  insize=771 outsize=196 ok=1
Cmd: preprocess
  insize=771 outsize=196 ok=1
Cmd: preprocess
  insize=771 outsize=196 ok=1
Cmd: preprocess
  insize=771 outsize=196 ok=1
Cmd: preprocess
  insize=771 outsize=196 ok=1
Cmd: preprocess
  insize=771 outsize=196 ok=1
Cmd: preprocess
  insize=771 outsize=196 ok=1
Cmd: preprocess
  insize=771 outsize=196 ok=1
Cmd: preprocess
  insize=771 outsize=196 ok=1
Cmd: preprocess
  insize=771 outsize=196 ok=1
Cmd: preprocess
  insize=4557 outsize=948 ok=1
Cmd: preprocess
  insize=5732 outsize=942 ok=1
Cmd: preprocess
  insize=5732 outsize=942 ok=1
Cmd: preprocess
  insize=5115 outsize=950 ok=1
Cmd: preprocess
  insize=5115 outsize=949 ok=1
Cmd: preprocess
  insize=23908 outsize=938 ok=1
Cmd: preprocess
  insize=5308 outsize=939 ok=1
Cmd: preprocess
  insize=6587 outsize=936 ok=1
Cmd: preprocess
  insize=25268 outsize=938 ok=1
Cmd: preprocess
  insize=73837 outsize=2036 ok=1
Cmd: preprocess
  insize=8153 outsize=944 ok=1
Cmd: preprocess
  insize=4546 outsize=939 ok=1
Cmd: preprocess
  insize=5623 outsize=942 ok=1
Cmd: preprocess
  insize=5965 outsize=951 ok=1
Cmd: preprocess
  insize=5308 outsize=940 ok=1
Cmd: preprocess
  insize=4128 outsize=945 ok=1
Cmd: preprocess
  insize=47090 outsize=937 ok=1
Cmd: preprocess
  insize=5625 outsize=942 ok=1
Cmd: preprocess
  insize=4548 outsize=939 ok=1
Cmd: preprocess
  insize=24440 outsize=942 ok=1
Cmd: preprocess
  insize=4090 outsize=936 ok=1
Cmd: preprocess
  insize=4251 outsize=946 ok=1
Cmd: preprocess
  insize=8710 outsize=942 ok=1
Cmd: preprocess
  insize=5900 outsize=941 ok=1
Cmd: preprocess
  insize=25485 outsize=942 ok=1
Cmd: preprocess
  insize=4254 outsize=947 ok=1
Cmd: preprocess
  insize=11895 outsize=942 ok=1
Cmd: preprocess
  insize=4548 outsize=939 ok=1
Cmd: preprocess
  insize=5625 outsize=942 ok=1
Cmd: preprocess
  insize=4203 outsize=946 ok=1
Cmd: preprocess
  insize=9570 outsize=939 ok=1
Cmd: preprocess
  insize=4093 outsize=941 ok=1
Cmd: preprocess
  insize=24226 outsize=941 ok=1
Cmd: preprocess
  insize=25222 outsize=966 ok=1
Cmd: preprocess
  insize=4036 outsize=943 ok=1
Cmd: preprocess
  insize=5306 outsize=940 ok=1
Cmd: preprocess
  insize=5955 outsize=950 ok=1
Cmd: preprocess
  insize=4090 outsize=936 ok=1
Cmd: preprocess
  insize=9738 outsize=942 ok=1
Cmd: preprocess
  insize=17586 outsize=965 ok=1
Cmd: preprocess
  insize=22866 outsize=942 ok=1
Cmd: preprocess
  insize=4093 outsize=941 ok=1
Cmd: preprocess
  insize=4254 outsize=947 ok=1
Cmd: preprocess
  insize=5904 outsize=942 ok=1
Cmd: preprocess
  insize=4090 outsize=936 ok=1
Cmd: preprocess
  insize=31426 outsize=937 ok=1
Cmd: preprocess
  insize=21504 outsize=937 ok=1
Cmd: preprocess
  insize=9280 outsize=942 ok=1
Cmd: preprocess
  insize=6823 outsize=943 ok=1
Cmd: preprocess
  insize=33827 outsize=936 ok=1
Cmd: preprocess
  insize=8315 outsize=942 ok=1
Cmd: preprocess
  insize=9064 outsize=944 ok=1
Cmd: preprocess
  insize=34043 outsize=942 ok=1
Cmd: preprocess
  insize=4128 outsize=945 ok=1
Cmd: preprocess
  insize=49387 outsize=937 ok=1
Cmd: preprocess
  insize=8487 outsize=942 ok=1
Cmd: preprocess
  insize=9911 outsize=942 ok=1
Cmd: preprocess
  insize=5902 outsize=942 ok=1
Cmd: preprocess
  insize=5329 outsize=945 ok=1
Cmd: preprocess
  insize=771 outsize=196 ok=1
Cmd: preprocess
  insize=4066 outsize=941 ok=1
Cmd: preprocess
  insize=4826 outsize=941 ok=1
Cmd: preprocess
  insize=50116 outsize=942 ok=1
Cmd: preprocess
  insize=74000 outsize=2036 ok=1
Cmd: preprocess
  insize=72628 outsize=2052 ok=1
Cmd: preprocess
  insize=72630 outsize=2054 ok=1
Cmd: preprocess
  insize=72635 outsize=2059 ok=1
Cmd: preprocess
  insize=771 outsize=196 ok=1
Cmd: preprocess
  insize=771 outsize=196 ok=1
Cmd: preprocess
  insize=771 outsize=196 ok=1
Cmd: preprocess
  insize=771 outsize=196 ok=1
Cmd: preprocess
  insize=771 outsize=196 ok=1
Cmd: preprocess
  insize=771 outsize=196 ok=1
Cmd: preprocess
  insize=771 outsize=196 ok=1
Cmd: preprocess
  insize=771 outsize=196 ok=1
Cmd: preprocess
  insize=771 outsize=196 ok=1
Cmd: preprocess
  insize=771 outsize=196 ok=1
Cmd: preprocess
  insize=771 outsize=196 ok=1
Cmd: preprocess
  insize=771 outsize=196 ok=1
Cmd: preprocess
  insize=771 outsize=196 ok=1
Cmd: preprocess
  insize=771 outsize=196 ok=1
Cmd: preprocess
  insize=771 outsize=196 ok=1
Cmd: preprocess
  insize=771 outsize=196 ok=1
Cmd: preprocess
  insize=771 outsize=196 ok=1
Cmd: preprocess
  insize=771 outsize=196 ok=1
Cmd: preprocess
  insize=771 outsize=196 ok=1
Cmd: preprocess
  insize=771 outsize=196 ok=1
Cmd: preprocess
  insize=771 outsize=196 ok=1
Cmd: preprocess
  insize=771 outsize=196 ok=1
Cmd: preprocess
  insize=771 outsize=196 ok=1
Cmd: preprocess
  insize=771 outsize=196 ok=1
Cmd: preprocess
  insize=771 outsize=196 ok=1
Cmd: preprocess
  insize=771 outsize=196 ok=1
Cmd: preprocess
  insize=771 outsize=196 ok=1
Cmd: preprocess
  insize=771 outsize=196 ok=1
Cmd: preprocess
  insize=771 outsize=196 ok=1
Cmd: preprocess
  insize=771 outsize=196 ok=1
Cmd: preprocess
  insize=771 outsize=196 ok=1
Cmd: preprocess
  insize=771 outsize=196 ok=1
Cmd: preprocess
  insize=771 outsize=196 ok=1
Cmd: preprocess
  insize=771 outsize=196 ok=1
Cmd: preprocess
  insize=771 outsize=196 ok=1
Cmd: preprocess
  insize=771 outsize=196 ok=1
Cmd: preprocess
  insize=771 outsize=196 ok=1
Cmd: preprocess
  insize=771 outsize=196 ok=1
Cmd: preprocess
  insize=771 outsize=196 ok=1
Cmd: preprocess
  insize=771 outsize=196 ok=1
Cmd: preprocess
  insize=771 outsize=196 ok=1
Cmd: preprocess
  insize=771 outsize=196 ok=1
Cmd: preprocess
  insize=771 outsize=196 ok=1
Cmd: preprocess
  insize=771 outsize=196 ok=1
Cmd: preprocess
  insize=771 outsize=196 ok=1
Cmd: preprocess
  insize=771 outsize=196 ok=1
Cmd: preprocess
  insize=771 outsize=196 ok=1
Cmd: preprocess
  insize=771 outsize=196 ok=1
Cmd: preprocess
  insize=771 outsize=196 ok=1
Cmd: preprocess
  insize=771 outsize=196 ok=1
Cmd: preprocess
  insize=771 outsize=196 ok=1
Cmd: preprocess
  insize=771 outsize=196 ok=1
Cmd: preprocess
  insize=771 outsize=196 ok=1
Cmd: preprocess
  insize=771 outsize=196 ok=1
Cmd: preprocess
  insize=771 outsize=196 ok=1
Cmd: preprocess
  insize=771 outsize=196 ok=1
Cmd: preprocess
  insize=771 outsize=196 ok=1
Cmd: preprocess
  insize=771 outsize=196 ok=1
Cmd: preprocess
  insize=771 outsize=196 ok=1
Cmd: preprocess
  insize=771 outsize=196 ok=1
Cmd: preprocess
  insize=771 outsize=196 ok=1
Cmd: preprocess
  insize=771 outsize=196 ok=1
Cmd: preprocess
  insize=771 outsize=196 ok=1
Cmd: preprocess
  insize=771 outsize=196 ok=1
Cmd: preprocess
  insize=771 outsize=196 ok=1
Cmd: preprocess
  insize=771 outsize=196 ok=1
Cmd: preprocess
  insize=771 outsize=196 ok=1
Cmd: preprocess
  insize=771 outsize=196 ok=1
Cmd: preprocess
  insize=771 outsize=196 ok=1
Cmd: preprocess
  insize=771 outsize=196 ok=1
Cmd: preprocess
  insize=771 outsize=196 ok=1
Cmd: preprocess
  insize=771 outsize=196 ok=1
Cmd: preprocess
  insize=771 outsize=196 ok=1
Cmd: preprocess
  insize=771 outsize=196 ok=1
Cmd: preprocess
  insize=771 outsize=196 ok=1
Cmd: preprocess
  insize=771 outsize=196 ok=1
Cmd: preprocess
  insize=771 outsize=196 ok=1
Cmd: preprocess
  insize=771 outsize=196 ok=1
Cmd: preprocess
  insize=771 outsize=196 ok=1
Cmd: preprocess
  insize=771 outsize=196 ok=1
Cmd: preprocess
  insize=771 outsize=196 ok=1
Cmd: preprocess
  insize=4557 outsize=948 ok=1
Cmd: preprocess
  insize=5732 outsize=942 ok=1
Cmd: preprocess
  insize=5732 outsize=942 ok=1
Cmd: preprocess
  insize=5115 outsize=950 ok=1
Cmd: preprocess
  insize=5115 outsize=949 ok=1
Cmd: preprocess
  insize=23908 outsize=938 ok=1
Cmd: preprocess
  insize=5308 outsize=939 ok=1
Cmd: preprocess
  insize=6587 outsize=936 ok=1
Cmd: preprocess
  insize=25268 outsize=938 ok=1
Cmd: preprocess
  insize=74000 outsize=2036 ok=1
Cmd: preprocess
  insize=8153 outsize=944 ok=1
Cmd: preprocess
  insize=4546 outsize=939 ok=1
Cmd: preprocess
  insize=5623 outsize=942 ok=1
Cmd: preprocess
  insize=5965 outsize=951 ok=1
Cmd: preprocess
  insize=5308 outsize=940 ok=1
Cmd: preprocess
  insize=4128 outsize=945 ok=1
Cmd: preprocess
  insize=47090 outsize=937 ok=1
Cmd: preprocess
  insize=5625 outsize=942 ok=1
Cmd: preprocess
  insize=4548 outsize=939 ok=1
Cmd: preprocess
  insize=24440 outsize=942 ok=1
Cmd: preprocess
  insize=4090 outsize=936 ok=1
Cmd: preprocess
  insize=4251 outsize=946 ok=1
Cmd: preprocess
  insize=8710 outsize=942 ok=1
Cmd: preprocess
  insize=5900 outsize=941 ok=1
Cmd: preprocess
  insize=25485 outsize=942 ok=1
Cmd: preprocess
  insize=4254 outsize=947 ok=1
Cmd: preprocess
  insize=11895 outsize=942 ok=1
Cmd: preprocess
  insize=4548 outsize=939 ok=1
Cmd: preprocess
  insize=5625 outsize=942 ok=1
Cmd: preprocess
  insize=4203 outsize=946 ok=1
Cmd: preprocess
  insize=9570 outsize=939 ok=1
Cmd: preprocess
  insize=4093 outsize=941 ok=1
Cmd: preprocess
  insize=24226 outsize=941 ok=1
Cmd: preprocess
  insize=25222 outsize=966 ok=1
Cmd: preprocess
  insize=4036 outsize=943 ok=1
Cmd: preprocess
  insize=5306 outsize=940 ok=1
Cmd: preprocess
  insize=5955 outsize=950 ok=1
Cmd: preprocess
  insize=4090 outsize=936 ok=1
Cmd: preprocess
  insize=9738 outsize=942 ok=1
Cmd: preprocess
  insize=17586 outsize=965 ok=1
Cmd: preprocess
  insize=22866 outsize=942 ok=1
Cmd: preprocess
  insize=4093 outsize=941 ok=1
Cmd: preprocess
  insize=4254 outsize=947 ok=1
Cmd: preprocess
  insize=5904 outsize=942 ok=1
Cmd: preprocess
  insize=4090 outsize=936 ok=1
Cmd: preprocess
  insize=31426 outsize=937 ok=1
Cmd: preprocess
  insize=21504 outsize=937 ok=1
Cmd: preprocess
  insize=9280 outsize=942 ok=1
Cmd: preprocess
  insize=6823 outsize=943 ok=1
Cmd: preprocess
  insize=33827 outsize=936 ok=1
Cmd: preprocess
  insize=8315 outsize=942 ok=1
Cmd: preprocess
  insize=9064 outsize=944 ok=1
Cmd: preprocess
  insize=34043 outsize=942 ok=1
Cmd: preprocess
  insize=4128 outsize=945 ok=1
Cmd: preprocess
  insize=49387 outsize=937 ok=1
Cmd: preprocess
  insize=8487 outsize=942 ok=1
Cmd: preprocess
  insize=9911 outsize=942 ok=1
Cmd: preprocess
  insize=5902 outsize=942 ok=1
Cmd: preprocess
  insize=5329 outsize=945 ok=1
Cmd: preprocess
  insize=50116 outsize=942 ok=1
Cmd: preprocess
  insize=28606 outsize=2031 ok=1
Cmd: preprocess
  insize=73837 outsize=2036 ok=1
Cmd: preprocess
  insize=72472 outsize=2058 ok=1
Cmd: preprocess
  insize=771 outsize=196 ok=1
Cmd: preprocess
  insize=771 outsize=196 ok=1
Cmd: preprocess
  insize=771 outsize=196 ok=1
Cmd: preprocess
  insize=771 outsize=196 ok=1
Cmd: preprocess
  insize=771 outsize=196 ok=1
Cmd: preprocess
  insize=771 outsize=196 ok=1
Cmd: preprocess
  insize=771 outsize=196 ok=1
Cmd: preprocess
  insize=771 outsize=196 ok=1
Cmd: preprocess
  insize=771 outsize=196 ok=1
Cmd: preprocess
  insize=771 outsize=196 ok=1
Cmd: preprocess
  insize=771 outsize=196 ok=1
Cmd: preprocess
  insize=771 outsize=196 ok=1
Cmd: preprocess
  insize=771 outsize=196 ok=1
Cmd: preprocess
  insize=771 outsize=196 ok=1
Cmd: preprocess
  insize=771 outsize=196 ok=1
Cmd: preprocess
  insize=771 outsize=196 ok=1
Cmd: preprocess
  insize=771 outsize=196 ok=1
Cmd: preprocess
  insize=771 outsize=196 ok=1
Cmd: preprocess
  insize=771 outsize=196 ok=1
Cmd: preprocess
  insize=771 outsize=196 ok=1
Cmd: preprocess
  insize=771 outsize=196 ok=1
Cmd: preprocess
  insize=771 outsize=196 ok=1
Cmd: preprocess
  insize=771 outsize=196 ok=1
Cmd: preprocess
  insize=771 outsize=196 ok=1
Cmd: preprocess
  insize=771 outsize=196 ok=1
Cmd: preprocess
  insize=771 outsize=196 ok=1
Cmd: preprocess
  insize=771 outsize=196 ok=1
Cmd: preprocess
  insize=771 outsize=196 ok=1
Cmd: preprocess
  insize=771 outsize=196 ok=1
Cmd: preprocess
  insize=771 outsize=196 ok=1
Cmd: preprocess
  insize=771 outsize=196 ok=1
Cmd: preprocess
  insize=771 outsize=196 ok=1
Cmd: preprocess
  insize=771 outsize=196 ok=1
Cmd: preprocess
  insize=771 outsize=196 ok=1
Cmd: preprocess
  insize=771 outsize=196 ok=1
Cmd: preprocess
  insize=771 outsize=196 ok=1
Cmd: preprocess
  insize=771 outsize=196 ok=1
Cmd: preprocess
  insize=771 outsize=196 ok=1
Cmd: preprocess
  insize=771 outsize=196 ok=1
Cmd: preprocess
  insize=771 outsize=196 ok=1
Cmd: preprocess
  insize=771 outsize=196 ok=1
Cmd: preprocess
  insize=771 outsize=196 ok=1
Cmd: preprocess
  insize=771 outsize=196 ok=1
Cmd: preprocess
  insize=771 outsize=196 ok=1
Cmd: preprocess
  insize=771 outsize=196 ok=1
Cmd: preprocess
  insize=771 outsize=196 ok=1
Cmd: preprocess
  insize=771 outsize=196 ok=1
Cmd: preprocess
  insize=771 outsize=196 ok=1
Cmd: preprocess
  insize=771 outsize=196 ok=1
Cmd: preprocess
  insize=771 outsize=196 ok=1
Cmd: preprocess
  insize=771 outsize=196 ok=1
Cmd: preprocess
  insize=771 outsize=196 ok=1
Cmd: preprocess
  insize=771 outsize=196 ok=1
Cmd: preprocess
  insize=771 outsize=196 ok=1
Cmd: preprocess
  insize=771 outsize=196 ok=1
Cmd: preprocess
  insize=771 outsize=196 ok=1
Cmd: preprocess
  insize=771 outsize=196 ok=1
Cmd: preprocess
  insize=771 outsize=196 ok=1
Cmd: preprocess
  insize=771 outsize=196 ok=1
Cmd: preprocess
  insize=771 outsize=196 ok=1
Cmd: preprocess
  insize=771 outsize=196 ok=1
Cmd: preprocess
  insize=771 outsize=196 ok=1
Cmd: preprocess
  insize=771 outsize=196 ok=1
Cmd: preprocess
  insize=771 outsize=196 ok=1
Cmd: preprocess
  insize=771 outsize=196 ok=1
Cmd: preprocess
  insize=771 outsize=196 ok=1
Cmd: preprocess
  insize=771 outsize=196 ok=1
Cmd: preprocess
  insize=771 outsize=196 ok=1
Cmd: preprocess
  insize=771 outsize=196 ok=1
Cmd: preprocess
  insize=771 outsize=196 ok=1
Cmd: preprocess
  insize=771 outsize=196 ok=1
Cmd: preprocess
  insize=771 outsize=196 ok=1
Cmd: preprocess
  insize=771 outsize=196 ok=1
Cmd: preprocess
  insize=771 outsize=196 ok=1
Cmd: preprocess
  insize=771 outsize=196 ok=1
Cmd: preprocess
  insize=771 outsize=196 ok=1
Cmd: preprocess
  insize=771 outsize=196 ok=1
Cmd: preprocess
  insize=771 outsize=196 ok=1
Cmd: preprocess
  insize=771 outsize=196 ok=1
Cmd: preprocess
  insize=771 outsize=196 ok=1
Cmd: preprocess
  insize=4557 outsize=948 ok=1
Cmd: preprocess
  insize=5732 outsize=942 ok=1
Cmd: preprocess
  insize=5732 outsize=942 ok=1
Cmd: preprocess
  insize=5115 outsize=950 ok=1
Cmd: preprocess
  insize=5115 outsize=949 ok=1
Cmd: preprocess
  insize=23908 outsize=938 ok=1
Cmd: preprocess
  insize=5308 outsize=939 ok=1
Cmd: preprocess
  insize=6587 outsize=936 ok=1
Cmd: preprocess
  insize=25268 outsize=938 ok=1
Cmd: preprocess
  insize=28606 outsize=2031 ok=1
Cmd: preprocess
  insize=8153 outsize=944 ok=1
Cmd: preprocess
  insize=4546 outsize=939 ok=1
Cmd: preprocess
  insize=5623 outsize=942 ok=1
Cmd: preprocess
  insize=5965 outsize=951 ok=1
Cmd: preprocess
  insize=5308 outsize=940 ok=1
Cmd: preprocess
  insize=4128 outsize=945 ok=1
Cmd: preprocess
  insize=47090 outsize=937 ok=1
Cmd: preprocess
  insize=5625 outsize=942 ok=1
Cmd: preprocess
  insize=4548 outsize=939 ok=1
Cmd: preprocess
  insize=24440 outsize=942 ok=1
Cmd: preprocess
  insize=4090 outsize=936 ok=1
Cmd: preprocess
  insize=4251 outsize=946 ok=1
Cmd: preprocess
  insize=8710 outsize=942 ok=1
Cmd: preprocess
  insize=5900 outsize=941 ok=1
Cmd: preprocess
  insize=25485 outsize=942 ok=1
Cmd: preprocess
  insize=4254 outsize=947 ok=1
Cmd: preprocess
  insize=11895 outsize=942 ok=1
Cmd: preprocess
  insize=4548 outsize=939 ok=1
Cmd: preprocess
  insize=5625 outsize=942 ok=1
Cmd: preprocess
  insize=4203 outsize=946 ok=1
Cmd: preprocess
  insize=9570 outsize=939 ok=1
Cmd: preprocess
  insize=4093 outsize=941 ok=1
Cmd: preprocess
  insize=24226 outsize=941 ok=1
Cmd: preprocess
  insize=25222 outsize=966 ok=1
Cmd: preprocess
  insize=4036 outsize=943 ok=1
Cmd: preprocess
  insize=5306 outsize=940 ok=1
Cmd: preprocess
  insize=5955 outsize=950 ok=1
Cmd: preprocess
  insize=4090 outsize=936 ok=1
Cmd: preprocess
  insize=9738 outsize=942 ok=1
Cmd: preprocess
  insize=17586 outsize=965 ok=1
Cmd: preprocess
  insize=22866 outsize=942 ok=1
Cmd: preprocess
  insize=4093 outsize=941 ok=1
Cmd: preprocess
  insize=4254 outsize=947 ok=1
Cmd: preprocess
  insize=5904 outsize=942 ok=1
Cmd: preprocess
  insize=4090 outsize=936 ok=1
Cmd: preprocess
  insize=31426 outsize=937 ok=1
Cmd: preprocess
  insize=21504 outsize=937 ok=1
Cmd: preprocess
  insize=9280 outsize=942 ok=1
Cmd: preprocess
  insize=6823 outsize=943 ok=1
Cmd: preprocess
  insize=33827 outsize=936 ok=1
Cmd: preprocess
  insize=8315 outsize=942 ok=1
Cmd: preprocess
  insize=9064 outsize=944 ok=1
Cmd: preprocess
  insize=34043 outsize=942 ok=1
Cmd: preprocess
  insize=4128 outsize=945 ok=1
Cmd: preprocess
  insize=49387 outsize=937 ok=1
Cmd: preprocess
  insize=8487 outsize=942 ok=1
Cmd: preprocess
  insize=9911 outsize=942 ok=1
Cmd: preprocess
  insize=5902 outsize=942 ok=1
Cmd: preprocess
  insize=5329 outsize=945 ok=1
Cmd: preprocess
  insize=771 outsize=196 ok=1
Cmd: preprocess
  insize=771 outsize=196 ok=1
Cmd: preprocess
  insize=771 outsize=196 ok=1
Cmd: preprocess
  insize=771 outsize=196 ok=1
Cmd: preprocess
  insize=771 outsize=196 ok=1
Cmd: preprocess
  insize=771 outsize=196 ok=1
Cmd: preprocess
  insize=771 outsize=196 ok=1
Cmd: preprocess
  insize=771 outsize=196 ok=1
Cmd: preprocess
  insize=771 outsize=196 ok=1
Cmd: preprocess
  insize=771 outsize=196 ok=1
Cmd: preprocess
  insize=771 outsize=196 ok=1
Cmd: preprocess
  insize=771 outsize=196 ok=1
Cmd: preprocess
  insize=771 outsize=196 ok=1
Cmd: preprocess
  insize=771 outsize=196 ok=1
Cmd: preprocess
  insize=771 outsize=196 ok=1
Cmd: preprocess
  insize=771 outsize=196 ok=1
Cmd: preprocess
  insize=771 outsize=196 ok=1
Cmd: preprocess
  insize=771 outsize=196 ok=1
Cmd: preprocess
  insize=771 outsize=196 ok=1
Cmd: preprocess
  insize=771 outsize=196 ok=1
Cmd: preprocess
  insize=771 outsize=196 ok=1
Cmd: preprocess
  insize=771 outsize=196 ok=1
Cmd: preprocess
  insize=771 outsize=196 ok=1
Cmd: preprocess
  insize=771 outsize=196 ok=1
Cmd: preprocess
  insize=771 outsize=196 ok=1
Cmd: preprocess
  insize=771 outsize=196 ok=1
Cmd: preprocess
  insize=771 outsize=196 ok=1
Cmd: preprocess
  insize=771 outsize=196 ok=1
Cmd: preprocess
  insize=771 outsize=196 ok=1
Cmd: preprocess
  insize=771 outsize=196 ok=1
Cmd: preprocess
  insize=771 outsize=196 ok=1
Cmd: preprocess
  insize=771 outsize=196 ok=1
Cmd: preprocess
  insize=771 outsize=196 ok=1
Cmd: preprocess
  insize=771 outsize=196 ok=1
Cmd: preprocess
  insize=771 outsize=196 ok=1
Cmd: preprocess
  insize=771 outsize=196 ok=1
Cmd: preprocess
  insize=771 outsize=196 ok=1
Cmd: preprocess
  insize=771 outsize=196 ok=1
Cmd: preprocess
  insize=771 outsize=196 ok=1
Cmd: preprocess
  insize=771 outsize=196 ok=1
Cmd: preprocess
  insize=771 outsize=196 ok=1
Cmd: preprocess
  insize=771 outsize=196 ok=1
Cmd: preprocess
  insize=771 outsize=196 ok=1
Cmd: preprocess
  insize=771 outsize=196 ok=1
Cmd: preprocess
  insize=771 outsize=196 ok=1
Cmd: preprocess
  insize=771 outsize=196 ok=1
Cmd: preprocess
  insize=771 outsize=196 ok=1
Cmd: preprocess
  insize=771 outsize=196 ok=1
Cmd: preprocess
  insize=771 outsize=196 ok=1
Cmd: preprocess
  insize=771 outsize=196 ok=1
Cmd: preprocess
  insize=771 outsize=196 ok=1
Cmd: preprocess
  insize=771 outsize=196 ok=1
Cmd: preprocess
  insize=771 outsize=196 ok=1
Cmd: preprocess
  insize=771 outsize=196 ok=1
Cmd: preprocess
  insize=771 outsize=196 ok=1
Cmd: preprocess
  insize=771 outsize=196 ok=1
Cmd: preprocess
  insize=771 outsize=196 ok=1
Cmd: preprocess
  insize=771 outsize=196 ok=1
Cmd: preprocess
  insize=771 outsize=196 ok=1
Cmd: preprocess
  insize=771 outsize=196 ok=1
Cmd: preprocess
  insize=771 outsize=196 ok=1
Cmd: preprocess
  insize=771 outsize=196 ok=1
Cmd: preprocess
  insize=771 outsize=196 ok=1
Cmd: preprocess
  insize=771 outsize=196 ok=1
Cmd: preprocess
  insize=771 outsize=196 ok=1
Cmd: preprocess
  insize=771 outsize=196 ok=1
Cmd: preprocess
  insize=771 outsize=196 ok=1
Cmd: preprocess
  insize=771 outsize=196 ok=1
Cmd: preprocess
  insize=771 outsize=196 ok=1
Cmd: preprocess
  insize=771 outsize=196 ok=1
Cmd: preprocess
  insize=771 outsize=196 ok=1
Cmd: preprocess
  insize=771 outsize=196 ok=1
Cmd: preprocess
  insize=771 outsize=196 ok=1
Cmd: preprocess
  insize=771 outsize=196 ok=1
Cmd: preprocess
  insize=771 outsize=196 ok=1
Cmd: preprocess
  insize=771 outsize=196 ok=1
Cmd: preprocess
  insize=771 outsize=196 ok=1
Cmd: preprocess
  insize=771 outsize=196 ok=1
Cmd: preprocess
  insize=771 outsize=196 ok=1
Cmd: preprocess
  insize=771 outsize=196 ok=1
Cmd: preprocess
  insize=771 outsize=196 ok=1
Cmd: preprocess
  insize=4557 outsize=948 ok=1
Cmd: preprocess
  insize=5732 outsize=942 ok=1
Cmd: preprocess
  insize=5732 outsize=942 ok=1
Cmd: preprocess
  insize=5115 outsize=950 ok=1
Cmd: preprocess
  insize=5115 outsize=949 ok=1
Cmd: preprocess
  insize=23908 outsize=938 ok=1
Cmd: preprocess
  insize=5308 outsize=939 ok=1
Cmd: preprocess
  insize=6587 outsize=936 ok=1
Cmd: preprocess
  insize=25268 outsize=938 ok=1
Cmd: preprocess
  insize=74000 outsize=2036 ok=1
Cmd: preprocess
  insize=8153 outsize=944 ok=1
Cmd: preprocess
  insize=4546 outsize=939 ok=1
Cmd: preprocess
  insize=5623 outsize=942 ok=1
Cmd: preprocess
  insize=5965 outsize=951 ok=1
Cmd: preprocess
  insize=5308 outsize=940 ok=1
Cmd: preprocess
  insize=4128 outsize=945 ok=1
Cmd: preprocess
  insize=47090 outsize=937 ok=1
Cmd: preprocess
  insize=5625 outsize=942 ok=1
Cmd: preprocess
  insize=4548 outsize=939 ok=1
Cmd: preprocess
  insize=24440 outsize=942 ok=1
Cmd: preprocess
  insize=4090 outsize=936 ok=1
Cmd: preprocess
  insize=4251 outsize=946 ok=1
Cmd: preprocess
  insize=8710 outsize=942 ok=1
Cmd: preprocess
  insize=5900 outsize=941 ok=1
Cmd: preprocess
  insize=25485 outsize=942 ok=1
Cmd: preprocess
  insize=4254 outsize=947 ok=1
Cmd: preprocess
  insize=11895 outsize=942 ok=1
Cmd: preprocess
  insize=4548 outsize=939 ok=1
Cmd: preprocess
  insize=5625 outsize=942 ok=1
Cmd: preprocess
  insize=4203 outsize=946 ok=1
Cmd: preprocess
  insize=9570 outsize=939 ok=1
Cmd: preprocess
  insize=4093 outsize=941 ok=1
Cmd: preprocess
  insize=24226 outsize=941 ok=1
Cmd: preprocess
  insize=25222 outsize=966 ok=1
Cmd: preprocess
  insize=4036 outsize=943 ok=1
Cmd: preprocess
  insize=5306 outsize=940 ok=1
Cmd: preprocess
  insize=5955 outsize=950 ok=1
Cmd: preprocess
  insize=4090 outsize=936 ok=1
Cmd: preprocess
  insize=9738 outsize=942 ok=1
Cmd: preprocess
  insize=17586 outsize=965 ok=1
Cmd: preprocess
  insize=22866 outsize=942 ok=1
Cmd: preprocess
  insize=4093 outsize=941 ok=1
Cmd: preprocess
  insize=4254 outsize=947 ok=1
Cmd: preprocess
  insize=5904 outsize=942 ok=1
Cmd: preprocess
  insize=4090 outsize=936 ok=1
Cmd: preprocess
  insize=31426 outsize=937 ok=1
Cmd: preprocess
  insize=21504 outsize=937 ok=1
Cmd: preprocess
  insize=9280 outsize=942 ok=1
Cmd: preprocess
  insize=6823 outsize=943 ok=1
Cmd: preprocess
  insize=33827 outsize=936 ok=1
Cmd: preprocess
  insize=8315 outsize=942 ok=1
Cmd: preprocess
  insize=9064 outsize=944 ok=1
Cmd: preprocess
  insize=34043 outsize=942 ok=1
Cmd: preprocess
  insize=4128 outsize=945 ok=1
Cmd: preprocess
  insize=49387 outsize=937 ok=1
Cmd: preprocess
  insize=8487 outsize=942 ok=1
Cmd: preprocess
  insize=9911 outsize=942 ok=1
Cmd: preprocess
  insize=5902 outsize=942 ok=1
Cmd: preprocess
  insize=5329 outsize=945 ok=1
Cmd: preprocess
  insize=50116 outsize=942 ok=1
Cmd: preprocess
  insize=72635 outsize=2059 ok=1
Cmd: preprocess
  insize=28606 outsize=2031 ok=1
Cmd: preprocess
  insize=73837 outsize=2036 ok=1
Cmd: preprocess
  insize=72465 outsize=2051 ok=1
Cmd: preprocess
  insize=771 outsize=196 ok=1
Cmd: preprocess
  insize=771 outsize=196 ok=1
Cmd: preprocess
  insize=771 outsize=196 ok=1
Cmd: preprocess
  insize=771 outsize=196 ok=1
Cmd: preprocess
  insize=771 outsize=196 ok=1
Cmd: preprocess
  insize=771 outsize=196 ok=1
Cmd: preprocess
  insize=771 outsize=196 ok=1
Cmd: preprocess
  insize=771 outsize=196 ok=1
Cmd: preprocess
  insize=771 outsize=196 ok=1
Cmd: preprocess
  insize=771 outsize=196 ok=1
Cmd: preprocess
  insize=771 outsize=196 ok=1
Cmd: preprocess
  insize=771 outsize=196 ok=1
Cmd: preprocess
  insize=771 outsize=196 ok=1
Cmd: preprocess
  insize=771 outsize=196 ok=1
Cmd: preprocess
  insize=771 outsize=196 ok=1
Cmd: preprocess
  insize=771 outsize=196 ok=1
Cmd: preprocess
  insize=771 outsize=196 ok=1
Cmd: preprocess
  insize=771 outsize=196 ok=1
Cmd: preprocess
  insize=771 outsize=196 ok=1
Cmd: preprocess
  insize=771 outsize=196 ok=1
Cmd: preprocess
  insize=771 outsize=196 ok=1
Cmd: preprocess
  insize=771 outsize=196 ok=1
Cmd: preprocess
  insize=771 outsize=196 ok=1
Cmd: preprocess
  insize=771 outsize=196 ok=1
Cmd: preprocess
  insize=771 outsize=196 ok=1
Cmd: preprocess
  insize=771 outsize=196 ok=1
Cmd: preprocess
  insize=771 outsize=196 ok=1
Cmd: preprocess
  insize=771 outsize=196 ok=1
Cmd: preprocess
  insize=771 outsize=196 ok=1
Cmd: preprocess
  insize=771 outsize=196 ok=1
Cmd: preprocess
  insize=771 outsize=196 ok=1
Cmd: preprocess
  insize=771 outsize=196 ok=1
Cmd: preprocess
  insize=771 outsize=196 ok=1
Cmd: preprocess
  insize=771 outsize=196 ok=1
Cmd: preprocess
  insize=771 outsize=196 ok=1
Cmd: preprocess
  insize=771 outsize=196 ok=1
Cmd: preprocess
  insize=771 outsize=196 ok=1
Cmd: preprocess
  insize=771 outsize=196 ok=1
Cmd: preprocess
  insize=771 outsize=196 ok=1
Cmd: preprocess
  insize=771 outsize=196 ok=1
Cmd: preprocess
  insize=771 outsize=196 ok=1
Cmd: preprocess
  insize=771 outsize=196 ok=1
Cmd: preprocess
  insize=771 outsize=196 ok=1
Cmd: preprocess
  insize=771 outsize=196 ok=1
Cmd: preprocess
  insize=771 outsize=196 ok=1
Cmd: preprocess
  insize=771 outsize=196 ok=1
Cmd: preprocess
  insize=771 outsize=196 ok=1
Cmd: preprocess
  insize=771 outsize=196 ok=1
Cmd: preprocess
  insize=771 outsize=196 ok=1
Cmd: preprocess
  insize=771 outsize=196 ok=1
Cmd: preprocess
  insize=771 outsize=196 ok=1
Cmd: preprocess
  insize=771 outsize=196 ok=1
Cmd: preprocess
  insize=771 outsize=196 ok=1
Cmd: preprocess
  insize=771 outsize=196 ok=1
Cmd: preprocess
  insize=771 outsize=196 ok=1
Cmd: preprocess
  insize=771 outsize=196 ok=1
Cmd: preprocess
  insize=771 outsize=196 ok=1
Cmd: preprocess
  insize=771 outsize=196 ok=1
Cmd: preprocess
  insize=771 outsize=196 ok=1
Cmd: preprocess
  insize=771 outsize=196 ok=1
Cmd: preprocess
  insize=771 outsize=196 ok=1
Cmd: preprocess
  insize=771 outsize=196 ok=1
Cmd: preprocess
  insize=771 outsize=196 ok=1
Cmd: preprocess
  insize=771 outsize=196 ok=1
Cmd: preprocess
  insize=771 outsize=196 ok=1
Cmd: preprocess
  insize=771 outsize=196 ok=1
Cmd: preprocess
  insize=771 outsize=196 ok=1
Cmd: preprocess
  insize=771 outsize=196 ok=1
Cmd: preprocess
  insize=771 outsize=196 ok=1
Cmd: preprocess
  insize=771 outsize=196 ok=1
Cmd: preprocess
  insize=771 outsize=196 ok=1
Cmd: preprocess
  insize=771 outsize=196 ok=1
Cmd: preprocess
  insize=771 outsize=196 ok=1
Cmd: preprocess
  insize=771 outsize=196 ok=1
Cmd: preprocess
  insize=771 outsize=196 ok=1
Cmd: preprocess
  insize=771 outsize=196 ok=1
Cmd: preprocess
  insize=771 outsize=196 ok=1
Cmd: preprocess
  insize=771 outsize=196 ok=1
Cmd: preprocess
  insize=771 outsize=196 ok=1
Cmd: preprocess
  insize=771 outsize=196 ok=1
Cmd: preprocess
  insize=4557 outsize=948 ok=1
Cmd: preprocess
  insize=5732 outsize=942 ok=1
Cmd: preprocess
  insize=5732 outsize=942 ok=1
Cmd: preprocess
  insize=5115 outsize=950 ok=1
Cmd: preprocess
  insize=5115 outsize=949 ok=1
Cmd: preprocess
  insize=23908 outsize=938 ok=1
Cmd: preprocess
  insize=5308 outsize=939 ok=1
Cmd: preprocess
  insize=6587 outsize=936 ok=1
Cmd: preprocess
  insize=25268 outsize=938 ok=1
Cmd: preprocess
  insize=73837 outsize=2036 ok=1
Cmd: preprocess
  insize=8153 outsize=944 ok=1
Cmd: preprocess
  insize=4546 outsize=939 ok=1
Cmd: preprocess
  insize=5623 outsize=942 ok=1
Cmd: preprocess
  insize=5965 outsize=951 ok=1
Cmd: preprocess
  insize=5308 outsize=940 ok=1
Cmd: preprocess
  insize=4128 outsize=945 ok=1
Cmd: preprocess
  insize=47090 outsize=937 ok=1
Cmd: preprocess
  insize=5625 outsize=942 ok=1
Cmd: preprocess
  insize=4548 outsize=939 ok=1
Cmd: preprocess
  insize=24440 outsize=942 ok=1
Cmd: preprocess
  insize=4090 outsize=936 ok=1
Cmd: preprocess
  insize=4251 outsize=946 ok=1
Cmd: preprocess
  insize=8710 outsize=942 ok=1
Cmd: preprocess
  insize=5900 outsize=941 ok=1
Cmd: preprocess
  insize=25485 outsize=942 ok=1
Cmd: preprocess
  insize=4254 outsize=947 ok=1
Cmd: preprocess
  insize=11895 outsize=942 ok=1
Cmd: preprocess
  insize=4548 outsize=939 ok=1
Cmd: preprocess
  insize=5625 outsize=942 ok=1
Cmd: preprocess
  insize=4203 outsize=946 ok=1
Cmd: preprocess
  insize=9570 outsize=939 ok=1
Cmd: preprocess
  insize=4093 outsize=941 ok=1
Cmd: preprocess
  insize=24226 outsize=941 ok=1
Cmd: preprocess
  insize=25222 outsize=966 ok=1
Cmd: preprocess
  insize=4036 outsize=943 ok=1
Cmd: preprocess
  insize=5306 outsize=940 ok=1
Cmd: preprocess
  insize=5955 outsize=950 ok=1
Cmd: preprocess
  insize=4090 outsize=936 ok=1
Cmd: preprocess
  insize=9738 outsize=942 ok=1
Cmd: preprocess
  insize=17586 outsize=965 ok=1
Cmd: preprocess
  insize=22866 outsize=942 ok=1
Cmd: preprocess
  insize=4093 outsize=941 ok=1
Cmd: preprocess
  insize=4254 outsize=947 ok=1
Cmd: preprocess
  insize=5904 outsize=942 ok=1
Cmd: preprocess
  insize=4090 outsize=936 ok=1
Cmd: preprocess
  insize=31426 outsize=937 ok=1
Cmd: preprocess
  insize=21504 outsize=937 ok=1
Cmd: preprocess
  insize=9280 outsize=942 ok=1
Cmd: preprocess
  insize=6823 outsize=943 ok=1
Cmd: preprocess
  insize=33827 outsize=936 ok=1
Cmd: preprocess
  insize=8315 outsize=942 ok=1
Cmd: preprocess
  insize=9064 outsize=944 ok=1
Cmd: preprocess
  insize=34043 outsize=942 ok=1
Cmd: preprocess
  insize=4128 outsize=945 ok=1
Cmd: preprocess
  insize=49387 outsize=937 ok=1
Cmd: preprocess
  insize=8487 outsize=942 ok=1
Cmd: preprocess
  insize=9911 outsize=942 ok=1
Cmd: preprocess
  insize=5902 outsize=942 ok=1
Cmd: preprocess
  insize=5329 outsize=945 ok=1
Cmd: preprocess
  insize=771 outsize=196 ok=1
Cmd: preprocess
  insize=771 outsize=196 ok=1
Cmd: preprocess
  insize=771 outsize=196 ok=1
Cmd: preprocess
  insize=771 outsize=196 ok=1
Cmd: preprocess
  insize=771 outsize=196 ok=1
Cmd: preprocess
  insize=771 outsize=196 ok=1
Cmd: preprocess
  insize=771 outsize=196 ok=1
Cmd: preprocess
  insize=771 outsize=196 ok=1
Cmd: preprocess
  insize=771 outsize=196 ok=1
Cmd: preprocess
  insize=771 outsize=196 ok=1
Cmd: preprocess
  insize=771 outsize=196 ok=1
Cmd: preprocess
  insize=771 outsize=196 ok=1
Cmd: preprocess
  insize=771 outsize=196 ok=1
Cmd: preprocess
  insize=771 outsize=196 ok=1
Cmd: preprocess
  insize=771 outsize=196 ok=1
Cmd: preprocess
  insize=771 outsize=196 ok=1
Cmd: preprocess
  insize=771 outsize=196 ok=1
Cmd: preprocess
  insize=771 outsize=196 ok=1
Cmd: preprocess
  insize=771 outsize=196 ok=1
Cmd: preprocess
  insize=771 outsize=196 ok=1
Cmd: preprocess
  insize=771 outsize=196 ok=1
Cmd: preprocess
  insize=771 outsize=196 ok=1
Cmd: preprocess
  insize=771 outsize=196 ok=1
Cmd: preprocess
  insize=771 outsize=196 ok=1
Cmd: preprocess
  insize=771 outsize=196 ok=1
Cmd: preprocess
  insize=771 outsize=196 ok=1
Cmd: preprocess
  insize=771 outsize=196 ok=1
Cmd: preprocess
  insize=771 outsize=196 ok=1
Cmd: preprocess
  insize=771 outsize=196 ok=1
Cmd: preprocess
  insize=771 outsize=196 ok=1
Cmd: preprocess
  insize=771 outsize=196 ok=1
Cmd: preprocess
  insize=771 outsize=196 ok=1
Cmd: preprocess
  insize=771 outsize=196 ok=1
Cmd: preprocess
  insize=771 outsize=196 ok=1
Cmd: preprocess
  insize=771 outsize=196 ok=1
Cmd: preprocess
  insize=771 outsize=196 ok=1
Cmd: preprocess
  insize=771 outsize=196 ok=1
Cmd: preprocess
  insize=771 outsize=196 ok=1
Cmd: preprocess
  insize=771 outsize=196 ok=1
Cmd: preprocess
  insize=771 outsize=196 ok=1
Cmd: preprocess
  insize=771 outsize=196 ok=1
Cmd: preprocess
  insize=771 outsize=196 ok=1
Cmd: preprocess
  insize=771 outsize=196 ok=1
Cmd: preprocess
  insize=771 outsize=196 ok=1
Cmd: preprocess
  insize=771 outsize=196 ok=1
Cmd: preprocess
  insize=771 outsize=196 ok=1
Cmd: preprocess
  insize=771 outsize=196 ok=1
Cmd: preprocess
  insize=771 outsize=196 ok=1
Cmd: preprocess
  insize=771 outsize=196 ok=1
Cmd: preprocess
  insize=771 outsize=196 ok=1
Cmd: preprocess
  insize=771 outsize=196 ok=1
Cmd: preprocess
  insize=771 outsize=196 ok=1
Cmd: preprocess
  insize=771 outsize=196 ok=1
Cmd: preprocess
  insize=771 outsize=196 ok=1
Cmd: preprocess
  insize=771 outsize=196 ok=1
Cmd: preprocess
  insize=771 outsize=196 ok=1
Cmd: preprocess
  insize=771 outsize=196 ok=1
Cmd: preprocess
  insize=771 outsize=196 ok=1
Cmd: preprocess
  insize=771 outsize=196 ok=1
Cmd: preprocess
  insize=771 outsize=196 ok=1
Cmd: preprocess
  insize=771 outsize=196 ok=1
Cmd: preprocess
  insize=771 outsize=196 ok=1
Cmd: preprocess
  insize=771 outsize=196 ok=1
Cmd: preprocess
  insize=771 outsize=196 ok=1
Cmd: preprocess
  insize=771 outsize=196 ok=1
Cmd: preprocess
  insize=771 outsize=196 ok=1
Cmd: preprocess
  insize=771 outsize=196 ok=1
Cmd: preprocess
  insize=771 outsize=196 ok=1
Cmd: preprocess
  insize=771 outsize=196 ok=1
Cmd: preprocess
  insize=771 outsize=196 ok=1
Cmd: preprocess
  insize=771 outsize=196 ok=1
Cmd: preprocess
  insize=771 outsize=196 ok=1
Cmd: preprocess
  insize=771 outsize=196 ok=1
Cmd: preprocess
  insize=771 outsize=196 ok=1
Cmd: preprocess
  insize=771 outsize=196 ok=1
Cmd: preprocess
  insize=771 outsize=196 ok=1
Cmd: preprocess
  insize=771 outsize=196 ok=1
Cmd: preprocess
  insize=771 outsize=196 ok=1
Cmd: preprocess
  insize=771 outsize=196 ok=1
Cmd: preprocess
  insize=771 outsize=196 ok=1
Cmd: preprocess
  insize=4557 outsize=948 ok=1
Cmd: preprocess
  insize=5732 outsize=942 ok=1
Cmd: preprocess
  insize=5732 outsize=942 ok=1
Cmd: preprocess
  insize=5115 outsize=950 ok=1
Cmd: preprocess
  insize=5115 outsize=949 ok=1
Cmd: preprocess
  insize=23908 outsize=938 ok=1
Cmd: preprocess
  insize=5308 outsize=939 ok=1
Cmd: preprocess
  insize=6587 outsize=936 ok=1
Cmd: preprocess
  insize=25268 outsize=938 ok=1
Cmd: preprocess
  insize=73837 outsize=2036 ok=1
Cmd: preprocess
  insize=8153 outsize=944 ok=1
Cmd: preprocess
  insize=4546 outsize=939 ok=1
Cmd: preprocess
  insize=5623 outsize=942 ok=1
Cmd: preprocess
  insize=5965 outsize=951 ok=1
Cmd: preprocess
  insize=5308 outsize=940 ok=1
Cmd: preprocess
  insize=4128 outsize=945 ok=1
Cmd: preprocess
  insize=47090 outsize=937 ok=1
Cmd: preprocess
  insize=5625 outsize=942 ok=1
Cmd: preprocess
  insize=4548 outsize=939 ok=1
Cmd: preprocess
  insize=24440 outsize=942 ok=1
Cmd: preprocess
  insize=4090 outsize=936 ok=1
Cmd: preprocess
  insize=4251 outsize=946 ok=1
Cmd: preprocess
  insize=8710 outsize=942 ok=1
Cmd: preprocess
  insize=5900 outsize=941 ok=1
Cmd: preprocess
  insize=25485 outsize=942 ok=1
Cmd: preprocess
  insize=4254 outsize=947 ok=1
Cmd: preprocess
  insize=11895 outsize=942 ok=1
Cmd: preprocess
  insize=4548 outsize=939 ok=1
Cmd: preprocess
  insize=5625 outsize=942 ok=1
Cmd: preprocess
  insize=4203 outsize=946 ok=1
Cmd: preprocess
  insize=9570 outsize=939 ok=1
Cmd: preprocess
  insize=4093 outsize=941 ok=1
Cmd: preprocess
  insize=24226 outsize=941 ok=1
Cmd: preprocess
  insize=25222 outsize=966 ok=1
Cmd: preprocess
  insize=4036 outsize=943 ok=1
Cmd: preprocess
  insize=5306 outsize=940 ok=1
Cmd: preprocess
  insize=5955 outsize=950 ok=1
Cmd: preprocess
  insize=4090 outsize=936 ok=1
Cmd: preprocess
  insize=9738 outsize=942 ok=1
Cmd: preprocess
  insize=17586 outsize=965 ok=1
Cmd: preprocess
  insize=22866 outsize=942 ok=1
Cmd: preprocess
  insize=4093 outsize=941 ok=1
Cmd: preprocess
  insize=4254 outsize=947 ok=1
Cmd: preprocess
  insize=5904 outsize=942 ok=1
Cmd: preprocess
  insize=4090 outsize=936 ok=1
Cmd: preprocess
  insize=31426 outsize=937 ok=1
Cmd: preprocess
  insize=21504 outsize=937 ok=1
Cmd: preprocess
  insize=9280 outsize=942 ok=1
Cmd: preprocess
  insize=6823 outsize=943 ok=1
Cmd: preprocess
  insize=33827 outsize=936 ok=1
Cmd: preprocess
  insize=8315 outsize=942 ok=1
Cmd: preprocess
  insize=9064 outsize=944 ok=1
Cmd: preprocess
  insize=34043 outsize=942 ok=1
Cmd: preprocess
  insize=4128 outsize=945 ok=1
Cmd: preprocess
  insize=49387 outsize=937 ok=1
Cmd: preprocess
  insize=8487 outsize=942 ok=1
Cmd: preprocess
  insize=9911 outsize=942 ok=1
Cmd: preprocess
  insize=5902 outsize=942 ok=1
Cmd: preprocess
  insize=5329 outsize=945 ok=1
Cmd: preprocess
  insize=771 outsize=196 ok=1
Cmd: preprocess
  insize=771 outsize=196 ok=1
Cmd: preprocess
  insize=771 outsize=196 ok=1
Cmd: preprocess
  insize=771 outsize=196 ok=1
Cmd: preprocess
  insize=771 outsize=196 ok=1
Cmd: preprocess
  insize=771 outsize=196 ok=1
Cmd: preprocess
  insize=771 outsize=196 ok=1
Cmd: preprocess
  insize=771 outsize=196 ok=1
Cmd: preprocess
  insize=771 outsize=196 ok=1
Cmd: preprocess
  insize=771 outsize=196 ok=1
Cmd: preprocess
  insize=771 outsize=196 ok=1
Cmd: preprocess
  insize=771 outsize=196 ok=1
Cmd: preprocess
  insize=771 outsize=196 ok=1
Cmd: preprocess
  insize=771 outsize=196 ok=1
Cmd: preprocess
  insize=771 outsize=196 ok=1
Cmd: preprocess
  insize=771 outsize=196 ok=1
Cmd: preprocess
  insize=771 outsize=196 ok=1
Cmd: preprocess
  insize=771 outsize=196 ok=1
Cmd: preprocess
  insize=771 outsize=196 ok=1
Cmd: preprocess
  insize=771 outsize=196 ok=1
Cmd: preprocess
  insize=771 outsize=196 ok=1
Cmd: preprocess
  insize=771 outsize=196 ok=1
Cmd: preprocess
  insize=771 outsize=196 ok=1
Cmd: preprocess
  insize=771 outsize=196 ok=1
Cmd: preprocess
  insize=771 outsize=196 ok=1
Cmd: preprocess
  insize=771 outsize=196 ok=1
Cmd: preprocess
  insize=771 outsize=196 ok=1
Cmd: preprocess
  insize=771 outsize=196 ok=1
Cmd: preprocess
  insize=771 outsize=196 ok=1
Cmd: preprocess
  insize=771 outsize=196 ok=1
Cmd: preprocess
  insize=771 outsize=196 ok=1
Cmd: preprocess
  insize=771 outsize=196 ok=1
Cmd: preprocess
  insize=771 outsize=196 ok=1
Cmd: preprocess
  insize=771 outsize=196 ok=1
Cmd: preprocess
  insize=771 outsize=196 ok=1
Cmd: preprocess
  insize=771 outsize=196 ok=1
Cmd: preprocess
  insize=771 outsize=196 ok=1
Cmd: preprocess
  insize=771 outsize=196 ok=1
Cmd: preprocess
  insize=771 outsize=196 ok=1
Cmd: preprocess
  insize=771 outsize=196 ok=1
Cmd: preprocess
  insize=771 outsize=196 ok=1
Cmd: preprocess
  insize=771 outsize=196 ok=1
Cmd: preprocess
  insize=771 outsize=196 ok=1
Cmd: preprocess
  insize=771 outsize=196 ok=1
Cmd: preprocess
  insize=771 outsize=196 ok=1
Cmd: preprocess
  insize=771 outsize=196 ok=1
Cmd: preprocess
  insize=771 outsize=196 ok=1
Cmd: preprocess
  insize=771 outsize=196 ok=1
Cmd: preprocess
  insize=771 outsize=196 ok=1
Cmd: preprocess
  insize=771 outsize=196 ok=1
Cmd: preprocess
  insize=771 outsize=196 ok=1
Cmd: preprocess
  insize=771 outsize=196 ok=1
Cmd: preprocess
  insize=771 outsize=196 ok=1
Cmd: preprocess
  insize=771 outsize=196 ok=1
Cmd: preprocess
  insize=771 outsize=196 ok=1
Cmd: preprocess
  insize=771 outsize=196 ok=1
Cmd: preprocess
  insize=771 outsize=196 ok=1
Cmd: preprocess
  insize=771 outsize=196 ok=1
Cmd: preprocess
  insize=771 outsize=196 ok=1
Cmd: preprocess
  insize=771 outsize=196 ok=1
Cmd: preprocess
  insize=771 outsize=196 ok=1
Cmd: preprocess
  insize=771 outsize=196 ok=1
Cmd: preprocess
  insize=771 outsize=196 ok=1
Cmd: preprocess
  insize=771 outsize=196 ok=1
Cmd: preprocess
  insize=771 outsize=196 ok=1
Cmd: preprocess
  insize=771 outsize=196 ok=1
Cmd: preprocess
  insize=771 outsize=196 ok=1
Cmd: preprocess
  insize=771 outsize=196 ok=1
Cmd: preprocess
  insize=771 outsize=196 ok=1
Cmd: preprocess
  insize=771 outsize=196 ok=1
Cmd: preprocess
  insize=771 outsize=196 ok=1
Cmd: preprocess
  insize=771 outsize=196 ok=1
Cmd: preprocess
  insize=771 outsize=196 ok=1
Cmd: preprocess
  insize=771 outsize=196 ok=1
Cmd: preprocess
  insize=771 outsize=196 ok=1
Cmd: preprocess
  insize=771 outsize=196 ok=1
Cmd: preprocess
  insize=771 outsize=196 ok=1
Cmd: preprocess
  insize=771 outsize=196 ok=1
Cmd: preprocess
  insize=771 outsize=196 ok=1
Cmd: preprocess
  insize=771 outsize=196 ok=1
Cmd: preprocess
  insize=4557 outsize=948 ok=1
Cmd: preprocess
  insize=5732 outsize=942 ok=1
Cmd: preprocess
  insize=5732 outsize=942 ok=1
Cmd: preprocess
  insize=5115 outsize=950 ok=1
Cmd: preprocess
  insize=5115 outsize=949 ok=1
Cmd: preprocess
  insize=23908 outsize=938 ok=1
Cmd: preprocess
  insize=5308 outsize=939 ok=1
Cmd: preprocess
  insize=6587 outsize=936 ok=1
Cmd: preprocess
  insize=25268 outsize=938 ok=1
Cmd: preprocess
  insize=73837 outsize=2036 ok=1
Cmd: preprocess
  insize=8153 outsize=944 ok=1
Cmd: preprocess
  insize=4546 outsize=939 ok=1
Cmd: preprocess
  insize=5623 outsize=942 ok=1
Cmd: preprocess
  insize=5965 outsize=951 ok=1
Cmd: preprocess
  insize=5308 outsize=940 ok=1
Cmd: preprocess
  insize=4128 outsize=945 ok=1
Cmd: preprocess
  insize=47090 outsize=937 ok=1
Cmd: preprocess
  insize=5625 outsize=942 ok=1
Cmd: preprocess
  insize=4548 outsize=939 ok=1
Cmd: preprocess
  insize=24440 outsize=942 ok=1
Cmd: preprocess
  insize=4090 outsize=936 ok=1
Cmd: preprocess
  insize=4251 outsize=946 ok=1
Cmd: preprocess
  insize=8710 outsize=942 ok=1
Cmd: preprocess
  insize=5900 outsize=941 ok=1
Cmd: preprocess
  insize=25485 outsize=942 ok=1
Cmd: preprocess
  insize=4254 outsize=947 ok=1
Cmd: preprocess
  insize=11895 outsize=942 ok=1
Cmd: preprocess
  insize=4548 outsize=939 ok=1
Cmd: preprocess
  insize=5625 outsize=942 ok=1
Cmd: preprocess
  insize=4203 outsize=946 ok=1
Cmd: preprocess
  insize=9570 outsize=939 ok=1
Cmd: preprocess
  insize=4093 outsize=941 ok=1
Cmd: preprocess
  insize=24226 outsize=941 ok=1
Cmd: preprocess
  insize=25222 outsize=966 ok=1
Cmd: preprocess
  insize=4036 outsize=943 ok=1
Cmd: preprocess
  insize=5306 outsize=940 ok=1
Cmd: preprocess
  insize=5955 outsize=950 ok=1
Cmd: preprocess
  insize=4090 outsize=936 ok=1
Cmd: preprocess
  insize=9738 outsize=942 ok=1
Cmd: preprocess
  insize=17586 outsize=965 ok=1
Cmd: preprocess
  insize=22866 outsize=942 ok=1
Cmd: preprocess
  insize=4093 outsize=941 ok=1
Cmd: preprocess
  insize=4254 outsize=947 ok=1
Cmd: preprocess
  insize=5904 outsize=942 ok=1
Cmd: preprocess
  insize=4090 outsize=936 ok=1
Cmd: preprocess
  insize=31426 outsize=937 ok=1
Cmd: preprocess
  insize=21504 outsize=937 ok=1
Cmd: preprocess
  insize=9280 outsize=942 ok=1
Cmd: preprocess
  insize=6823 outsize=943 ok=1
Cmd: preprocess
  insize=33827 outsize=936 ok=1
Cmd: preprocess
  insize=8315 outsize=942 ok=1
Cmd: preprocess
  insize=9064 outsize=944 ok=1
Cmd: preprocess
  insize=34043 outsize=942 ok=1
Cmd: preprocess
  insize=4128 outsize=945 ok=1
Cmd: preprocess
  insize=49387 outsize=937 ok=1
Cmd: preprocess
  insize=8487 outsize=942 ok=1
Cmd: preprocess
  insize=9911 outsize=942 ok=1
Cmd: preprocess
  insize=5902 outsize=942 ok=1
Cmd: preprocess
  insize=5329 outsize=945 ok=1
Cmd: preprocess
  insize=771 outsize=196 ok=1
Cmd: preprocess
  insize=771 outsize=196 ok=1
Cmd: preprocess
  insize=771 outsize=196 ok=1
Cmd: preprocess
  insize=771 outsize=196 ok=1
Cmd: preprocess
  insize=771 outsize=196 ok=1
Cmd: preprocess
  insize=771 outsize=196 ok=1
Cmd: preprocess
  insize=771 outsize=196 ok=1
Cmd: preprocess
  insize=771 outsize=196 ok=1
Cmd: preprocess
  insize=771 outsize=196 ok=1
Cmd: preprocess
  insize=771 outsize=196 ok=1
Cmd: preprocess
  insize=771 outsize=196 ok=1
Cmd: preprocess
  insize=771 outsize=196 ok=1
Cmd: preprocess
  insize=771 outsize=196 ok=1
Cmd: preprocess
  insize=771 outsize=196 ok=1
Cmd: preprocess
  insize=771 outsize=196 ok=1
Cmd: preprocess
  insize=771 outsize=196 ok=1
Cmd: preprocess
  insize=771 outsize=196 ok=1
Cmd: preprocess
  insize=771 outsize=196 ok=1
Cmd: preprocess
  insize=771 outsize=196 ok=1
Cmd: preprocess
  insize=771 outsize=196 ok=1
Cmd: preprocess
  insize=771 outsize=196 ok=1
Cmd: preprocess
  insize=771 outsize=196 ok=1
Cmd: preprocess
  insize=771 outsize=196 ok=1
Cmd: preprocess
  insize=771 outsize=196 ok=1
Cmd: preprocess
  insize=771 outsize=196 ok=1
Cmd: preprocess
  insize=771 outsize=196 ok=1
Cmd: preprocess
  insize=771 outsize=196 ok=1
Cmd: preprocess
  insize=771 outsize=196 ok=1
Cmd: preprocess
  insize=771 outsize=196 ok=1
Cmd: preprocess
  insize=771 outsize=196 ok=1
Cmd: preprocess
  insize=771 outsize=196 ok=1
Cmd: preprocess
  insize=771 outsize=196 ok=1
Cmd: preprocess
  insize=771 outsize=196 ok=1
Cmd: preprocess
  insize=771 outsize=196 ok=1
Cmd: preprocess
  insize=771 outsize=196 ok=1
Cmd: preprocess
  insize=771 outsize=196 ok=1
Cmd: preprocess
  insize=771 outsize=196 ok=1
Cmd: preprocess
  insize=771 outsize=196 ok=1
Cmd: preprocess
  insize=771 outsize=196 ok=1
Cmd: preprocess
  insize=771 outsize=196 ok=1
Cmd: preprocess
  insize=771 outsize=196 ok=1
Cmd: preprocess
  insize=771 outsize=196 ok=1
Cmd: preprocess
  insize=771 outsize=196 ok=1
Cmd: preprocess
  insize=771 outsize=196 ok=1
Cmd: preprocess
  insize=771 outsize=196 ok=1
Cmd: preprocess
  insize=771 outsize=196 ok=1
Cmd: preprocess
  insize=771 outsize=196 ok=1
Cmd: preprocess
  insize=771 outsize=196 ok=1
Cmd: preprocess
  insize=771 outsize=196 ok=1
Cmd: preprocess
  insize=771 outsize=196 ok=1
Cmd: preprocess
  insize=771 outsize=196 ok=1
Cmd: preprocess
  insize=771 outsize=196 ok=1
Cmd: preprocess
  insize=771 outsize=196 ok=1
Cmd: preprocess
  insize=771 outsize=196 ok=1
Cmd: preprocess
  insize=771 outsize=196 ok=1
Cmd: preprocess
  insize=771 outsize=196 ok=1
Cmd: preprocess
  insize=771 outsize=196 ok=1
Cmd: preprocess
  insize=771 outsize=196 ok=1
Cmd: preprocess
  insize=771 outsize=196 ok=1
Cmd: preprocess
  insize=771 outsize=196 ok=1
Cmd: preprocess
  insize=771 outsize=196 ok=1
Cmd: preprocess
  insize=771 outsize=196 ok=1
Cmd: preprocess
  insize=771 outsize=196 ok=1
Cmd: preprocess
  insize=771 outsize=196 ok=1
Cmd: preprocess
  insize=771 outsize=196 ok=1
Cmd: preprocess
  insize=771 outsize=196 ok=1
Cmd: preprocess
  insize=771 outsize=196 ok=1
Cmd: preprocess
  insize=771 outsize=196 ok=1
Cmd: preprocess
  insize=771 outsize=196 ok=1
Cmd: preprocess
  insize=771 outsize=196 ok=1
Cmd: preprocess
  insize=771 outsize=196 ok=1
Cmd: preprocess
  insize=771 outsize=196 ok=1
Cmd: preprocess
  insize=771 outsize=196 ok=1
Cmd: preprocess
  insize=771 outsize=196 ok=1
Cmd: preprocess
  insize=771 outsize=196 ok=1
Cmd: preprocess
  insize=771 outsize=196 ok=1
Cmd: preprocess
  insize=771 outsize=196 ok=1
Cmd: preprocess
  insize=771 outsize=196 ok=1
Cmd: preprocess
  insize=771 outsize=196 ok=1
Cmd: preprocess
  insize=771 outsize=196 ok=1
Cmd: preprocess
  insize=4557 outsize=948 ok=1
Cmd: preprocess
  insize=5732 outsize=942 ok=1
Cmd: preprocess
  insize=5732 outsize=942 ok=1
Cmd: preprocess
  insize=5115 outsize=950 ok=1
Cmd: preprocess
  insize=5115 outsize=949 ok=1
Cmd: preprocess
  insize=23908 outsize=938 ok=1
Cmd: preprocess
  insize=5308 outsize=939 ok=1
Cmd: preprocess
  insize=6587 outsize=936 ok=1
Cmd: preprocess
  insize=25268 outsize=938 ok=1
Cmd: preprocess
  insize=73837 outsize=2036 ok=1
Cmd: preprocess
  insize=8153 outsize=944 ok=1
Cmd: preprocess
  insize=4546 outsize=939 ok=1
Cmd: preprocess
  insize=5623 outsize=942 ok=1
Cmd: preprocess
  insize=5965 outsize=951 ok=1
Cmd: preprocess
  insize=5308 outsize=940 ok=1
Cmd: preprocess
  insize=4128 outsize=945 ok=1
Cmd: preprocess
  insize=47090 outsize=937 ok=1
Cmd: preprocess
  insize=5625 outsize=942 ok=1
Cmd: preprocess
  insize=4548 outsize=939 ok=1
Cmd: preprocess
  insize=24440 outsize=942 ok=1
Cmd: preprocess
  insize=4090 outsize=936 ok=1
Cmd: preprocess
  insize=4251 outsize=946 ok=1
Cmd: preprocess
  insize=8710 outsize=942 ok=1
Cmd: preprocess
  insize=5900 outsize=941 ok=1
Cmd: preprocess
  insize=25485 outsize=942 ok=1
Cmd: preprocess
  insize=4254 outsize=947 ok=1
Cmd: preprocess
  insize=11895 outsize=942 ok=1
Cmd: preprocess
  insize=4548 outsize=939 ok=1
Cmd: preprocess
  insize=5625 outsize=942 ok=1
Cmd: preprocess
  insize=4203 outsize=946 ok=1
Cmd: preprocess
  insize=9570 outsize=939 ok=1
Cmd: preprocess
  insize=4093 outsize=941 ok=1
Cmd: preprocess
  insize=24226 outsize=941 ok=1
Cmd: preprocess
  insize=25222 outsize=966 ok=1
Cmd: preprocess
  insize=4036 outsize=943 ok=1
Cmd: preprocess
  insize=5306 outsize=940 ok=1
Cmd: preprocess
  insize=5955 outsize=950 ok=1
Cmd: preprocess
  insize=4090 outsize=936 ok=1
Cmd: preprocess
  insize=9738 outsize=942 ok=1
Cmd: preprocess
  insize=17586 outsize=965 ok=1
Cmd: preprocess
  insize=22866 outsize=942 ok=1
Cmd: preprocess
  insize=4093 outsize=941 ok=1
Cmd: preprocess
  insize=4254 outsize=947 ok=1
Cmd: preprocess
  insize=5904 outsize=942 ok=1
Cmd: preprocess
  insize=4090 outsize=936 ok=1
Cmd: preprocess
  insize=31426 outsize=937 ok=1
Cmd: preprocess
  insize=21504 outsize=937 ok=1
Cmd: preprocess
  insize=9280 outsize=942 ok=1
Cmd: preprocess
  insize=6823 outsize=943 ok=1
Cmd: preprocess
  insize=33827 outsize=936 ok=1
Cmd: preprocess
  insize=8315 outsize=942 ok=1
Cmd: preprocess
  insize=9064 outsize=944 ok=1
Cmd: preprocess
  insize=34043 outsize=942 ok=1
Cmd: preprocess
  insize=4128 outsize=945 ok=1
Cmd: preprocess
  insize=49387 outsize=937 ok=1
Cmd: preprocess
  insize=8487 outsize=942 ok=1
Cmd: preprocess
  insize=9911 outsize=942 ok=1
Cmd: preprocess
  insize=5902 outsize=942 ok=1
Cmd: preprocess
  insize=5329 outsize=945 ok=1
Cmd: compileSnippet
  api=4 type=0 insize=1650 outsize=690 kw= pd=UNITY_ENABLE_REFLECTION_BUFFERS UNITY_USE_DITHER_MASK_FOR_ALPHABLENDED_SHADOWS UNITY_PBS_USE_BRDF1 UNITY_SPECCUBE_BOX_PROJECTION UNITY_SPECCUBE_BLENDING UNITY_ENABLE_DETAIL_NORMALMAP SHADER_API_DESKTOP UNITY_COLORSPACE_GAMMA UNITY_LIGHT_PROBE_PROXY_VOLUME UNITY_LIGHTMAP_FULL_HDR ok=1
Cmd: preprocess
  insize=771 outsize=196 ok=1
Cmd: preprocess
  insize=771 outsize=196 ok=1
Cmd: preprocess
  insize=771 outsize=196 ok=1
Cmd: preprocess
  insize=771 outsize=196 ok=1
Cmd: preprocess
  insize=771 outsize=196 ok=1
Cmd: preprocess
  insize=771 outsize=196 ok=1
Cmd: preprocess
  insize=771 outsize=196 ok=1
Cmd: preprocess
  insize=771 outsize=196 ok=1
Cmd: preprocess
  insize=771 outsize=196 ok=1
Cmd: preprocess
  insize=771 outsize=196 ok=1
Cmd: preprocess
  insize=771 outsize=196 ok=1
Cmd: preprocess
  insize=771 outsize=196 ok=1
Cmd: preprocess
  insize=771 outsize=196 ok=1
Cmd: preprocess
  insize=771 outsize=196 ok=1
Cmd: preprocess
  insize=771 outsize=196 ok=1
Cmd: preprocess
  insize=771 outsize=196 ok=1
Cmd: preprocess
  insize=771 outsize=196 ok=1
Cmd: preprocess
  insize=771 outsize=196 ok=1
Cmd: preprocess
  insize=771 outsize=196 ok=1
Cmd: preprocess
  insize=771 outsize=196 ok=1
Cmd: preprocess
  insize=771 outsize=196 ok=1
Cmd: preprocess
  insize=771 outsize=196 ok=1
Cmd: preprocess
  insize=771 outsize=196 ok=1
Cmd: preprocess
  insize=771 outsize=196 ok=1
Cmd: preprocess
  insize=771 outsize=196 ok=1
Cmd: preprocess
  insize=771 outsize=196 ok=1
Cmd: preprocess
  insize=771 outsize=196 ok=1
Cmd: preprocess
  insize=771 outsize=196 ok=1
Cmd: preprocess
  insize=771 outsize=196 ok=1
Cmd: preprocess
  insize=771 outsize=196 ok=1
Cmd: preprocess
  insize=771 outsize=196 ok=1
Cmd: preprocess
  insize=771 outsize=196 ok=1
Cmd: preprocess
  insize=771 outsize=196 ok=1
Cmd: preprocess
  insize=771 outsize=196 ok=1
Cmd: preprocess
  insize=771 outsize=196 ok=1
Cmd: preprocess
  insize=771 outsize=196 ok=1
Cmd: preprocess
  insize=771 outsize=196 ok=1
Cmd: preprocess
  insize=771 outsize=196 ok=1
Cmd: preprocess
  insize=771 outsize=196 ok=1
Cmd: preprocess
  insize=771 outsize=196 ok=1
Cmd: preprocess
  insize=771 outsize=196 ok=1
Cmd: preprocess
  insize=771 outsize=196 ok=1
Cmd: preprocess
  insize=771 outsize=196 ok=1
Cmd: preprocess
  insize=771 outsize=196 ok=1
Cmd: preprocess
  insize=771 outsize=196 ok=1
Cmd: preprocess
  insize=771 outsize=196 ok=1
Cmd: preprocess
  insize=771 outsize=196 ok=1
Cmd: preprocess
  insize=771 outsize=196 ok=1
Cmd: preprocess
  insize=771 outsize=196 ok=1
Cmd: preprocess
  insize=771 outsize=196 ok=1
Cmd: preprocess
  insize=771 outsize=196 ok=1
Cmd: preprocess
  insize=771 outsize=196 ok=1
Cmd: preprocess
  insize=771 outsize=196 ok=1
Cmd: preprocess
  insize=771 outsize=196 ok=1
Cmd: preprocess
  insize=771 outsize=196 ok=1
Cmd: preprocess
  insize=771 outsize=196 ok=1
Cmd: preprocess
  insize=771 outsize=196 ok=1
Cmd: preprocess
  insize=771 outsize=196 ok=1
Cmd: preprocess
  insize=771 outsize=196 ok=1
Cmd: preprocess
  insize=771 outsize=196 ok=1
Cmd: preprocess
  insize=771 outsize=196 ok=1
Cmd: preprocess
  insize=771 outsize=196 ok=1
Cmd: preprocess
  insize=771 outsize=196 ok=1
Cmd: preprocess
  insize=771 outsize=196 ok=1
Cmd: preprocess
  insize=771 outsize=196 ok=1
Cmd: preprocess
  insize=771 outsize=196 ok=1
Cmd: preprocess
  insize=771 outsize=196 ok=1
Cmd: preprocess
  insize=771 outsize=196 ok=1
Cmd: preprocess
  insize=771 outsize=196 ok=1
Cmd: preprocess
  insize=771 outsize=196 ok=1
Cmd: preprocess
  insize=771 outsize=196 ok=1
Cmd: preprocess
  insize=771 outsize=196 ok=1
Cmd: preprocess
  insize=771 outsize=196 ok=1
Cmd: preprocess
  insize=771 outsize=196 ok=1
Cmd: preprocess
  insize=771 outsize=196 ok=1
Cmd: preprocess
  insize=771 outsize=196 ok=1
Cmd: preprocess
  insize=771 outsize=196 ok=1
Cmd: preprocess
  insize=771 outsize=196 ok=1
Cmd: preprocess
  insize=771 outsize=196 ok=1
Cmd: preprocess
  insize=771 outsize=196 ok=1
Cmd: preprocess
  insize=4557 outsize=948 ok=1
Cmd: preprocess
  insize=5732 outsize=942 ok=1
Cmd: preprocess
  insize=5732 outsize=942 ok=1
Cmd: preprocess
  insize=5115 outsize=950 ok=1
Cmd: preprocess
  insize=5115 outsize=949 ok=1
Cmd: preprocess
  insize=23908 outsize=938 ok=1
Cmd: preprocess
  insize=5308 outsize=939 ok=1
Cmd: preprocess
  insize=6587 outsize=936 ok=1
Cmd: preprocess
  insize=25268 outsize=938 ok=1
Cmd: preprocess
  insize=73837 outsize=2036 ok=1
Cmd: preprocess
  insize=8153 outsize=944 ok=1
Cmd: preprocess
  insize=4546 outsize=939 ok=1
Cmd: preprocess
  insize=5623 outsize=942 ok=1
Cmd: preprocess
  insize=5965 outsize=951 ok=1
Cmd: preprocess
  insize=5308 outsize=940 ok=1
Cmd: preprocess
  insize=4128 outsize=945 ok=1
Cmd: preprocess
  insize=47090 outsize=937 ok=1
Cmd: preprocess
  insize=5625 outsize=942 ok=1
Cmd: preprocess
  insize=4548 outsize=939 ok=1
Cmd: preprocess
  insize=24440 outsize=942 ok=1
Cmd: preprocess
  insize=4090 outsize=936 ok=1
Cmd: preprocess
  insize=4251 outsize=946 ok=1
Cmd: preprocess
  insize=8710 outsize=942 ok=1
Cmd: preprocess
  insize=5900 outsize=941 ok=1
Cmd: preprocess
  insize=25485 outsize=942 ok=1
Cmd: preprocess
  insize=4254 outsize=947 ok=1
Cmd: preprocess
  insize=11895 outsize=942 ok=1
Cmd: preprocess
  insize=4548 outsize=939 ok=1
Cmd: preprocess
  insize=5625 outsize=942 ok=1
Cmd: preprocess
  insize=4203 outsize=946 ok=1
Cmd: preprocess
  insize=9570 outsize=939 ok=1
Cmd: preprocess
  insize=4093 outsize=941 ok=1
Cmd: preprocess
  insize=24226 outsize=941 ok=1
Cmd: preprocess
  insize=25222 outsize=966 ok=1
Cmd: preprocess
  insize=4036 outsize=943 ok=1
Cmd: preprocess
  insize=5306 outsize=940 ok=1
Cmd: preprocess
  insize=5955 outsize=950 ok=1
Cmd: preprocess
  insize=4090 outsize=936 ok=1
Cmd: preprocess
  insize=9738 outsize=942 ok=1
Cmd: preprocess
  insize=17586 outsize=965 ok=1
Cmd: preprocess
  insize=22866 outsize=942 ok=1
Cmd: preprocess
  insize=4093 outsize=941 ok=1
Cmd: preprocess
  insize=4254 outsize=947 ok=1
Cmd: preprocess
  insize=5904 outsize=942 ok=1
Cmd: preprocess
  insize=4090 outsize=936 ok=1
Cmd: preprocess
  insize=31426 outsize=937 ok=1
Cmd: preprocess
  insize=21504 outsize=937 ok=1
Cmd: preprocess
  insize=9280 outsize=942 ok=1
Cmd: preprocess
  insize=6823 outsize=943 ok=1
Cmd: preprocess
  insize=33827 outsize=936 ok=1
Cmd: preprocess
  insize=8315 outsize=942 ok=1
Cmd: preprocess
  insize=9064 outsize=944 ok=1
Cmd: preprocess
  insize=34043 outsize=942 ok=1
Cmd: preprocess
  insize=4128 outsize=945 ok=1
Cmd: preprocess
  insize=49387 outsize=937 ok=1
Cmd: preprocess
  insize=8487 outsize=942 ok=1
Cmd: preprocess
  insize=9911 outsize=942 ok=1
Cmd: preprocess
  insize=5902 outsize=942 ok=1
Cmd: preprocess
  insize=5329 outsize=945 ok=1
Cmd: preprocess
  insize=72465 outsize=2051 ok=1
Cmd: preprocess
  insize=771 outsize=196 ok=1
Cmd: preprocess
  insize=771 outsize=196 ok=1
Cmd: preprocess
  insize=771 outsize=196 ok=1
Cmd: preprocess
  insize=771 outsize=196 ok=1
Cmd: preprocess
  insize=771 outsize=196 ok=1
Cmd: preprocess
  insize=771 outsize=196 ok=1
Cmd: preprocess
  insize=771 outsize=196 ok=1
Cmd: preprocess
  insize=771 outsize=196 ok=1
Cmd: preprocess
  insize=771 outsize=196 ok=1
Cmd: preprocess
  insize=771 outsize=196 ok=1
Cmd: preprocess
  insize=771 outsize=196 ok=1
Cmd: preprocess
  insize=771 outsize=196 ok=1
Cmd: preprocess
  insize=771 outsize=196 ok=1
Cmd: preprocess
  insize=771 outsize=196 ok=1
Cmd: preprocess
  insize=771 outsize=196 ok=1
Cmd: preprocess
  insize=771 outsize=196 ok=1
Cmd: preprocess
  insize=771 outsize=196 ok=1
Cmd: preprocess
  insize=771 outsize=196 ok=1
Cmd: preprocess
  insize=771 outsize=196 ok=1
Cmd: preprocess
  insize=771 outsize=196 ok=1
Cmd: preprocess
  insize=771 outsize=196 ok=1
Cmd: preprocess
  insize=771 outsize=196 ok=1
Cmd: preprocess
  insize=771 outsize=196 ok=1
Cmd: preprocess
  insize=771 outsize=196 ok=1
Cmd: preprocess
  insize=771 outsize=196 ok=1
Cmd: preprocess
  insize=771 outsize=196 ok=1
Cmd: preprocess
  insize=771 outsize=196 ok=1
Cmd: preprocess
  insize=771 outsize=196 ok=1
Cmd: preprocess
  insize=771 outsize=196 ok=1
Cmd: preprocess
  insize=771 outsize=196 ok=1
Cmd: preprocess
  insize=771 outsize=196 ok=1
Cmd: preprocess
  insize=771 outsize=196 ok=1
Cmd: preprocess
  insize=771 outsize=196 ok=1
Cmd: preprocess
  insize=771 outsize=196 ok=1
Cmd: preprocess
  insize=771 outsize=196 ok=1
Cmd: preprocess
  insize=771 outsize=196 ok=1
Cmd: preprocess
  insize=771 outsize=196 ok=1
Cmd: preprocess
  insize=771 outsize=196 ok=1
Cmd: preprocess
  insize=771 outsize=196 ok=1
Cmd: preprocess
  insize=771 outsize=196 ok=1
Cmd: preprocess
  insize=771 outsize=196 ok=1
Cmd: preprocess
  insize=771 outsize=196 ok=1
Cmd: preprocess
  insize=771 outsize=196 ok=1
Cmd: preprocess
  insize=771 outsize=196 ok=1
Cmd: preprocess
  insize=771 outsize=196 ok=1
Cmd: preprocess
  insize=771 outsize=196 ok=1
Cmd: preprocess
  insize=771 outsize=196 ok=1
Cmd: preprocess
  insize=771 outsize=196 ok=1
Cmd: preprocess
  insize=771 outsize=196 ok=1
Cmd: preprocess
  insize=771 outsize=196 ok=1
Cmd: preprocess
  insize=771 outsize=196 ok=1
Cmd: preprocess
  insize=771 outsize=196 ok=1
Cmd: preprocess
  insize=771 outsize=196 ok=1
Cmd: preprocess
  insize=771 outsize=196 ok=1
Cmd: preprocess
  insize=771 outsize=196 ok=1
Cmd: preprocess
  insize=771 outsize=196 ok=1
Cmd: preprocess
  insize=771 outsize=196 ok=1
Cmd: preprocess
  insize=771 outsize=196 ok=1
Cmd: preprocess
  insize=771 outsize=196 ok=1
Cmd: preprocess
  insize=771 outsize=196 ok=1
Cmd: preprocess
  insize=771 outsize=196 ok=1
Cmd: preprocess
  insize=771 outsize=196 ok=1
Cmd: preprocess
  insize=771 outsize=196 ok=1
Cmd: preprocess
  insize=771 outsize=196 ok=1
Cmd: preprocess
  insize=771 outsize=196 ok=1
Cmd: preprocess
  insize=771 outsize=196 ok=1
Cmd: preprocess
  insize=771 outsize=196 ok=1
Cmd: preprocess
  insize=771 outsize=196 ok=1
Cmd: preprocess
  insize=771 outsize=196 ok=1
Cmd: preprocess
  insize=771 outsize=196 ok=1
Cmd: preprocess
  insize=771 outsize=196 ok=1
Cmd: preprocess
  insize=771 outsize=196 ok=1
Cmd: preprocess
  insize=771 outsize=196 ok=1
Cmd: preprocess
  insize=771 outsize=196 ok=1
Cmd: preprocess
  insize=771 outsize=196 ok=1
Cmd: preprocess
  insize=771 outsize=196 ok=1
Cmd: preprocess
  insize=771 outsize=196 ok=1
Cmd: preprocess
  insize=771 outsize=196 ok=1
Cmd: preprocess
  insize=771 outsize=196 ok=1
Cmd: preprocess
  insize=771 outsize=196 ok=1
Cmd: preprocess
  insize=771 outsize=196 ok=1
Cmd: preprocess
  insize=5329 outsize=945 ok=1
Cmd: preprocess
  insize=5902 outsize=942 ok=1
Cmd: preprocess
  insize=9911 outsize=942 ok=1
Cmd: preprocess
  insize=8487 outsize=942 ok=1
Cmd: preprocess
  insize=49387 outsize=937 ok=1
Cmd: preprocess
  insize=4128 outsize=945 ok=1
Cmd: preprocess
  insize=34043 outsize=942 ok=1
Cmd: preprocess
  insize=9064 outsize=944 ok=1
Cmd: preprocess
  insize=8315 outsize=942 ok=1
Cmd: preprocess
  insize=33827 outsize=936 ok=1
Cmd: preprocess
  insize=6823 outsize=943 ok=1
Cmd: preprocess
  insize=9280 outsize=942 ok=1
Cmd: preprocess
  insize=21504 outsize=937 ok=1
Cmd: preprocess
  insize=31426 outsize=937 ok=1
Cmd: preprocess
  insize=4090 outsize=936 ok=1
Cmd: preprocess
  insize=5904 outsize=942 ok=1
Cmd: preprocess
  insize=4254 outsize=947 ok=1
Cmd: preprocess
  insize=4093 outsize=941 ok=1
Cmd: preprocess
  insize=22866 outsize=942 ok=1
Cmd: preprocess
  insize=17586 outsize=965 ok=1
Cmd: preprocess
  insize=9738 outsize=942 ok=1
Cmd: preprocess
  insize=4090 outsize=936 ok=1
Cmd: preprocess
  insize=5955 outsize=950 ok=1
Cmd: preprocess
  insize=5306 outsize=940 ok=1
Cmd: preprocess
  insize=4036 outsize=943 ok=1
Cmd: preprocess
  insize=25222 outsize=966 ok=1
Cmd: preprocess
  insize=24226 outsize=941 ok=1
Cmd: preprocess
  insize=4093 outsize=941 ok=1
Cmd: preprocess
  insize=9570 outsize=939 ok=1
Cmd: preprocess
  insize=4203 outsize=946 ok=1
Cmd: preprocess
  insize=5625 outsize=942 ok=1
Cmd: preprocess
  insize=4548 outsize=939 ok=1
Cmd: preprocess
  insize=11895 outsize=942 ok=1
Cmd: preprocess
  insize=4254 outsize=947 ok=1
Cmd: preprocess
  insize=25485 outsize=942 ok=1
Cmd: preprocess
  insize=5900 outsize=941 ok=1
Cmd: preprocess
  insize=8710 outsize=942 ok=1
Cmd: preprocess
  insize=4251 outsize=946 ok=1
Cmd: preprocess
  insize=4090 outsize=936 ok=1
Cmd: preprocess
  insize=24440 outsize=942 ok=1
Cmd: preprocess
  insize=4548 outsize=939 ok=1
Cmd: preprocess
  insize=5625 outsize=942 ok=1
Cmd: preprocess
  insize=47090 outsize=937 ok=1
Cmd: preprocess
  insize=4128 outsize=945 ok=1
Cmd: preprocess
  insize=5308 outsize=940 ok=1
Cmd: preprocess
  insize=5965 outsize=951 ok=1
Cmd: preprocess
  insize=5623 outsize=942 ok=1
Cmd: preprocess
  insize=4546 outsize=939 ok=1
Cmd: preprocess
  insize=8153 outsize=944 ok=1
Cmd: preprocess
  insize=74000 outsize=2036 ok=1
Cmd: preprocess
  insize=25268 outsize=938 ok=1
Cmd: preprocess
  insize=6587 outsize=936 ok=1
Cmd: preprocess
  insize=5308 outsize=939 ok=1
Cmd: preprocess
  insize=23908 outsize=938 ok=1
Cmd: preprocess
  insize=5115 outsize=949 ok=1
Cmd: preprocess
  insize=5115 outsize=950 ok=1
Cmd: preprocess
  insize=5732 outsize=942 ok=1
Cmd: preprocess
  insize=5732 outsize=942 ok=1
Cmd: preprocess
  insize=4557 outsize=948 ok=1
Cmd: preprocess
  insize=50116 outsize=942 ok=1
Cmd: preprocess
  insize=771 outsize=196 ok=1
Cmd: preprocess
  insize=771 outsize=196 ok=1
Cmd: preprocess
  insize=771 outsize=196 ok=1
Cmd: preprocess
  insize=771 outsize=196 ok=1
Cmd: preprocess
  insize=771 outsize=196 ok=1
Cmd: preprocess
  insize=771 outsize=196 ok=1
Cmd: preprocess
  insize=771 outsize=196 ok=1
Cmd: preprocess
  insize=771 outsize=196 ok=1
Cmd: preprocess
  insize=771 outsize=196 ok=1
Cmd: preprocess
  insize=771 outsize=196 ok=1
Cmd: preprocess
  insize=771 outsize=196 ok=1
Cmd: preprocess
  insize=771 outsize=196 ok=1
Cmd: preprocess
  insize=771 outsize=196 ok=1
Cmd: preprocess
  insize=771 outsize=196 ok=1
Cmd: preprocess
  insize=771 outsize=196 ok=1
Cmd: preprocess
  insize=771 outsize=196 ok=1
Cmd: preprocess
  insize=771 outsize=196 ok=1
Cmd: preprocess
  insize=771 outsize=196 ok=1
Cmd: preprocess
  insize=771 outsize=196 ok=1
Cmd: preprocess
  insize=771 outsize=196 ok=1
Cmd: preprocess
  insize=771 outsize=196 ok=1
Cmd: preprocess
  insize=771 outsize=196 ok=1
Cmd: preprocess
  insize=771 outsize=196 ok=1
Cmd: preprocess
  insize=771 outsize=196 ok=1
Cmd: preprocess
  insize=771 outsize=196 ok=1
Cmd: preprocess
  insize=771 outsize=196 ok=1
Cmd: preprocess
  insize=771 outsize=196 ok=1
Cmd: preprocess
  insize=771 outsize=196 ok=1
Cmd: preprocess
  insize=771 outsize=196 ok=1
Cmd: preprocess
  insize=771 outsize=196 ok=1
Cmd: preprocess
  insize=771 outsize=196 ok=1
Cmd: preprocess
  insize=771 outsize=196 ok=1
Cmd: preprocess
  insize=771 outsize=196 ok=1
Cmd: preprocess
  insize=771 outsize=196 ok=1
Cmd: preprocess
  insize=771 outsize=196 ok=1
Cmd: preprocess
  insize=771 outsize=196 ok=1
Cmd: preprocess
  insize=771 outsize=196 ok=1
Cmd: preprocess
  insize=771 outsize=196 ok=1
Cmd: preprocess
  insize=771 outsize=196 ok=1
Cmd: preprocess
  insize=771 outsize=196 ok=1
Cmd: preprocess
  insize=771 outsize=196 ok=1
Cmd: preprocess
  insize=771 outsize=196 ok=1
Cmd: preprocess
  insize=771 outsize=196 ok=1
Cmd: preprocess
  insize=771 outsize=196 ok=1
Cmd: preprocess
  insize=771 outsize=196 ok=1
Cmd: preprocess
  insize=771 outsize=196 ok=1
Cmd: preprocess
  insize=771 outsize=196 ok=1
Cmd: preprocess
  insize=771 outsize=196 ok=1
Cmd: preprocess
  insize=771 outsize=196 ok=1
Cmd: preprocess
  insize=771 outsize=196 ok=1
Cmd: preprocess
  insize=771 outsize=196 ok=1
Cmd: preprocess
  insize=771 outsize=196 ok=1
Cmd: preprocess
  insize=771 outsize=196 ok=1
Cmd: preprocess
  insize=771 outsize=196 ok=1
Cmd: preprocess
  insize=771 outsize=196 ok=1
Cmd: preprocess
  insize=771 outsize=196 ok=1
Cmd: preprocess
  insize=771 outsize=196 ok=1
Cmd: preprocess
  insize=771 outsize=196 ok=1
Cmd: preprocess
  insize=771 outsize=196 ok=1
Cmd: preprocess
  insize=771 outsize=196 ok=1
Cmd: preprocess
  insize=771 outsize=196 ok=1
Cmd: preprocess
  insize=771 outsize=196 ok=1
Cmd: preprocess
  insize=771 outsize=196 ok=1
Cmd: preprocess
  insize=771 outsize=196 ok=1
Cmd: preprocess
  insize=771 outsize=196 ok=1
Cmd: preprocess
  insize=771 outsize=196 ok=1
Cmd: preprocess
  insize=771 outsize=196 ok=1
Cmd: preprocess
  insize=771 outsize=196 ok=1
Cmd: preprocess
  insize=771 outsize=196 ok=1
Cmd: preprocess
  insize=771 outsize=196 ok=1
Cmd: preprocess
  insize=771 outsize=196 ok=1
Cmd: preprocess
  insize=771 outsize=196 ok=1
Cmd: preprocess
  insize=771 outsize=196 ok=1
Cmd: preprocess
  insize=771 outsize=196 ok=1
Cmd: preprocess
  insize=771 outsize=196 ok=1
Cmd: preprocess
  insize=771 outsize=196 ok=1
Cmd: preprocess
  insize=771 outsize=196 ok=1
Cmd: preprocess
  insize=771 outsize=196 ok=1
Cmd: preprocess
  insize=771 outsize=196 ok=1
Cmd: preprocess
  insize=771 outsize=196 ok=1
Cmd: preprocess
  insize=4557 outsize=948 ok=1
Cmd: preprocess
  insize=5732 outsize=942 ok=1
Cmd: preprocess
  insize=5732 outsize=942 ok=1
Cmd: preprocess
  insize=5115 outsize=950 ok=1
Cmd: preprocess
  insize=5115 outsize=949 ok=1
Cmd: preprocess
  insize=23908 outsize=938 ok=1
Cmd: preprocess
  insize=5308 outsize=939 ok=1
Cmd: preprocess
  insize=6587 outsize=936 ok=1
Cmd: preprocess
  insize=25268 outsize=938 ok=1
Cmd: preprocess
  insize=73837 outsize=2036 ok=1
Cmd: preprocess
  insize=8153 outsize=944 ok=1
Cmd: preprocess
  insize=4546 outsize=939 ok=1
Cmd: preprocess
  insize=5623 outsize=942 ok=1
Cmd: preprocess
  insize=5965 outsize=951 ok=1
Cmd: preprocess
  insize=5308 outsize=940 ok=1
Cmd: preprocess
  insize=4128 outsize=945 ok=1
Cmd: preprocess
  insize=47090 outsize=937 ok=1
Cmd: preprocess
  insize=5625 outsize=942 ok=1
Cmd: preprocess
  insize=4548 outsize=939 ok=1
Cmd: preprocess
  insize=24440 outsize=942 ok=1
Cmd: preprocess
  insize=4090 outsize=936 ok=1
Cmd: preprocess
  insize=4251 outsize=946 ok=1
Cmd: preprocess
  insize=8710 outsize=942 ok=1
Cmd: preprocess
  insize=5900 outsize=941 ok=1
Cmd: preprocess
  insize=25485 outsize=942 ok=1
Cmd: preprocess
  insize=4254 outsize=947 ok=1
Cmd: preprocess
  insize=11895 outsize=942 ok=1
Cmd: preprocess
  insize=4548 outsize=939 ok=1
Cmd: preprocess
  insize=5625 outsize=942 ok=1
Cmd: preprocess
  insize=4203 outsize=946 ok=1
Cmd: preprocess
  insize=9570 outsize=939 ok=1
Cmd: preprocess
  insize=4093 outsize=941 ok=1
Cmd: preprocess
  insize=24226 outsize=941 ok=1
Cmd: preprocess
  insize=25222 outsize=966 ok=1
Cmd: preprocess
  insize=4036 outsize=943 ok=1
Cmd: preprocess
  insize=5306 outsize=940 ok=1
Cmd: preprocess
  insize=5955 outsize=950 ok=1
Cmd: preprocess
  insize=4090 outsize=936 ok=1
Cmd: preprocess
  insize=9738 outsize=942 ok=1
Cmd: preprocess
  insize=17586 outsize=965 ok=1
Cmd: preprocess
  insize=22866 outsize=942 ok=1
Cmd: preprocess
  insize=4093 outsize=941 ok=1
Cmd: preprocess
  insize=4254 outsize=947 ok=1
Cmd: preprocess
  insize=5904 outsize=942 ok=1
Cmd: preprocess
  insize=4090 outsize=936 ok=1
Cmd: preprocess
  insize=31426 outsize=937 ok=1
Cmd: preprocess
  insize=21504 outsize=937 ok=1
Cmd: preprocess
  insize=9280 outsize=942 ok=1
Cmd: preprocess
  insize=6823 outsize=943 ok=1
Cmd: preprocess
  insize=33827 outsize=936 ok=1
Cmd: preprocess
  insize=8315 outsize=942 ok=1
Cmd: preprocess
  insize=9064 outsize=944 ok=1
Cmd: preprocess
  insize=34043 outsize=942 ok=1
Cmd: preprocess
  insize=4128 outsize=945 ok=1
Cmd: preprocess
  insize=49387 outsize=937 ok=1
Cmd: preprocess
  insize=8487 outsize=942 ok=1
Cmd: preprocess
  insize=9911 outsize=942 ok=1
Cmd: preprocess
  insize=5902 outsize=942 ok=1
Cmd: preprocess
  insize=5329 outsize=945 ok=1
